Using pre-set license
Built from '2022.3/staging' branch; Version is '2022.3.57f1 (9d8bd91adc0a) revision 10324953'; Using compiler version '192829333'; Build Type 'Release'
OS: 'Windows 10  (10.0.19045) 64bit Core' Language: 'uk' Physical Memory: 16335 MB
BatchMode: 1, IsHumanControllingUs: 0, StartBugReporterOnCrash: 0, Is64bit: 1, IsPro: 1

COMMAND LINE ARGUMENTS:
C:\Program Files\Unity\Hub\Editor\2022.3.57f1\Editor\Unity.exe
-adb2
-batchMode
-noUpm
-name
AssetImportWorker1
-projectPath
D:/unity/Fantasy Trader Ultimate
-logFile
Logs/AssetImportWorker1.log
-srvPort
58029
Successfully changed project path to: D:/unity/Fantasy Trader Ultimate
D:/unity/Fantasy Trader Ultimate
[UnityMemory] Configuration Parameters - Can be set up in boot.config
    "memorysetup-bucket-allocator-granularity=16"
    "memorysetup-bucket-allocator-bucket-count=8"
    "memorysetup-bucket-allocator-block-size=33554432"
    "memorysetup-bucket-allocator-block-count=8"
    "memorysetup-main-allocator-block-size=16777216"
    "memorysetup-thread-allocator-block-size=16777216"
    "memorysetup-gfx-main-allocator-block-size=16777216"
    "memorysetup-gfx-thread-allocator-block-size=16777216"
    "memorysetup-cache-allocator-block-size=4194304"
    "memorysetup-typetree-allocator-block-size=2097152"
    "memorysetup-profiler-bucket-allocator-granularity=16"
    "memorysetup-profiler-bucket-allocator-bucket-count=8"
    "memorysetup-profiler-bucket-allocator-block-size=33554432"
    "memorysetup-profiler-bucket-allocator-block-count=8"
    "memorysetup-profiler-allocator-block-size=16777216"
    "memorysetup-profiler-editor-allocator-block-size=1048576"
    "memorysetup-temp-allocator-size-main=16777216"
    "memorysetup-job-temp-allocator-block-size=2097152"
    "memorysetup-job-temp-allocator-block-size-background=1048576"
    "memorysetup-job-temp-allocator-reduction-small-platforms=262144"
    "memorysetup-allocator-temp-initial-block-size-main=262144"
    "memorysetup-allocator-temp-initial-block-size-worker=262144"
    "memorysetup-temp-allocator-size-background-worker=32768"
    "memorysetup-temp-allocator-size-job-worker=262144"
    "memorysetup-temp-allocator-size-preload-manager=33554432"
    "memorysetup-temp-allocator-size-nav-mesh-worker=65536"
    "memorysetup-temp-allocator-size-audio-worker=65536"
    "memorysetup-temp-allocator-size-cloud-worker=32768"
    "memorysetup-temp-allocator-size-gi-baking-worker=262144"
    "memorysetup-temp-allocator-size-gfx=262144"
Player connection [6728]  Target information:

Player connection [6728]  * "[IP] 192.168.31.34 [Port] 0 [Flags] 2 [Guid] 3939001282 [EditorId] 3939001282 [Version] 1048832 [Id] WindowsEditor(7,DESKTOP-6NH90J4) [Debug] 1 [PackageName] WindowsEditor [ProjectName] Editor" 

Player connection [6728]  * "[IP] 172.16.0.2 [Port] 0 [Flags] 2 [Guid] 3939001282 [EditorId] 3939001282 [Version] 1048832 [Id] WindowsEditor(7,DESKTOP-6NH90J4) [Debug] 1 [PackageName] WindowsEditor [ProjectName] Editor" 

Player connection [6728]  * "[IP] 192.168.31.251 [Port] 0 [Flags] 2 [Guid] 3939001282 [EditorId] 3939001282 [Version] 1048832 [Id] WindowsEditor(7,DESKTOP-6NH90J4) [Debug] 1 [PackageName] WindowsEditor [ProjectName] Editor" 

Player connection [6728] Host joined multi-casting on [225.0.0.222:54997]...
Player connection [6728] Host joined alternative multi-casting on [225.0.0.222:34997]...
Input System module state changed to: Initialized.
[PhysX] Initialized MultithreadedTaskDispatcher with 8 workers.
Refreshing native plugins compatible for Editor in 1308.86 ms, found 3 plugins.
Preloading 0 native plugins for Editor in 0.00 ms.
Initialize engine version: 2022.3.57f1 (9d8bd91adc0a)
[Subsystems] Discovering subsystems at path C:/Program Files/Unity/Hub/Editor/2022.3.57f1/Editor/Data/Resources/UnitySubsystems
[Subsystems] Discovering subsystems at path D:/unity/Fantasy Trader Ultimate/Assets
GfxDevice: creating device client; threaded=0; jobified=0
Direct3D:
    Version:  Direct3D 11.0 [level 11.1]
    Renderer: NVIDIA GeForce GTX 1070 (ID=0x1be1)
    Vendor:   NVIDIA
    VRAM:     8060 MB
    Driver:   32.0.15.6590
Initialize mono
Mono path[0] = 'C:/Program Files/Unity/Hub/Editor/2022.3.57f1/Editor/Data/Managed'
Mono path[1] = 'C:/Program Files/Unity/Hub/Editor/2022.3.57f1/Editor/Data/MonoBleedingEdge/lib/mono/unityjit-win32'
Mono config path = 'C:/Program Files/Unity/Hub/Editor/2022.3.57f1/Editor/Data/MonoBleedingEdge/etc'
Using monoOptions --debugger-agent=transport=dt_socket,embedding=1,server=y,suspend=n,address=127.0.0.1:56688
Begin MonoManager ReloadAssembly
Registering precompiled unity dll's ...
Register platform support module: C:/Program Files/Unity/Hub/Editor/2022.3.57f1/Editor/Data/PlaybackEngines/AndroidPlayer/UnityEditor.Android.Extensions.dll
Register platform support module: C:/Program Files/Unity/Hub/Editor/2022.3.57f1/Editor/Data/PlaybackEngines/WindowsStandaloneSupport/UnityEditor.WindowsStandalone.Extensions.dll
Registered in 0.019013 seconds.
- Loaded All Assemblies, in  0.582 seconds
Native extension for WindowsStandalone target not found
Native extension for Android target not found
Android Extension - Scanning For ADB Devices 2421 ms
Mono: successfully reloaded assembly
- Finished resetting the current domain, in  2.981 seconds
Domain Reload Profiling: 3561ms
	BeginReloadAssembly (204ms)
		ExecutionOrderSort (0ms)
		DisableScriptedObjects (0ms)
		BackupInstance (0ms)
		ReleaseScriptingObjects (0ms)
		CreateAndSetChildDomain (1ms)
	RebuildCommonClasses (48ms)
	RebuildNativeTypeToScriptingClass (17ms)
	initialDomainReloadingComplete (86ms)
	LoadAllAssembliesAndSetupDomain (224ms)
		LoadAssemblies (202ms)
		RebuildTransferFunctionScriptingTraits (0ms)
		AnalyzeDomain (221ms)
			TypeCache.Refresh (220ms)
				TypeCache.ScanAssembly (202ms)
			ScanForSourceGeneratedMonoScriptInfo (0ms)
			ResolveRequiredComponents (1ms)
	FinalizeReload (2982ms)
		ReleaseScriptCaches (0ms)
		RebuildScriptCaches (0ms)
		SetupLoadedEditorAssemblies (2912ms)
			LogAssemblyErrors (0ms)
			InitializePlatformSupportModulesInManaged (2571ms)
			SetLoadedEditorAssemblies (5ms)
			RefreshPlugins (0ms)
			BeforeProcessingInitializeOnLoad (3ms)
			ProcessInitializeOnLoadAttributes (207ms)
			ProcessInitializeOnLoadMethodAttributes (127ms)
			AfterProcessingInitializeOnLoad (0ms)
			EditorAssembliesLoaded (0ms)
		ExecutionOrderSort2 (0ms)
		AwakeInstancesAfterBackupRestoration (0ms)
========================================================================
Worker process is ready to serve import requests
Caller must complete domain reload
Begin MonoManager ReloadAssembly
- Loaded All Assemblies, in  0.946 seconds
Native extension for WindowsStandalone target not found
Native extension for Android target not found
Mono: successfully reloaded assembly
- Finished resetting the current domain, in  1.001 seconds
Domain Reload Profiling: 1944ms
	BeginReloadAssembly (266ms)
		ExecutionOrderSort (0ms)
		DisableScriptedObjects (9ms)
		BackupInstance (0ms)
		ReleaseScriptingObjects (0ms)
		CreateAndSetChildDomain (37ms)
	RebuildCommonClasses (72ms)
	RebuildNativeTypeToScriptingClass (22ms)
	initialDomainReloadingComplete (74ms)
	LoadAllAssembliesAndSetupDomain (507ms)
		LoadAssemblies (428ms)
		RebuildTransferFunctionScriptingTraits (0ms)
		AnalyzeDomain (235ms)
			TypeCache.Refresh (185ms)
				TypeCache.ScanAssembly (163ms)
			ScanForSourceGeneratedMonoScriptInfo (31ms)
			ResolveRequiredComponents (18ms)
	FinalizeReload (1002ms)
		ReleaseScriptCaches (0ms)
		RebuildScriptCaches (0ms)
		SetupLoadedEditorAssemblies (721ms)
			LogAssemblyErrors (0ms)
			InitializePlatformSupportModulesInManaged (36ms)
			SetLoadedEditorAssemblies (4ms)
			RefreshPlugins (0ms)
			BeforeProcessingInitializeOnLoad (106ms)
			ProcessInitializeOnLoadAttributes (439ms)
			ProcessInitializeOnLoadMethodAttributes (123ms)
			AfterProcessingInitializeOnLoad (13ms)
			EditorAssembliesLoaded (0ms)
		ExecutionOrderSort2 (0ms)
		AwakeInstancesAfterBackupRestoration (10ms)
Launched and connected shader compiler UnityShaderCompiler.exe after 0.06 seconds
Refreshing native plugins compatible for Editor in 5.11 ms, found 3 plugins.
Preloading 0 native plugins for Editor in 0.00 ms.
Unloading 3754 Unused Serialized files (Serialized files now loaded: 0)
Unloading 40 unused Assets / (0.8 MB). Loaded Objects now: 4224.
Memory consumption went from 185.4 MB to 184.6 MB.
Total: 5.962800 ms (FindLiveObjects: 0.466900 ms CreateObjectMapping: 0.397000 ms MarkObjects: 4.675700 ms  DeleteObjects: 0.421800 ms)

AssetImportParameters requested are different than current active one (requested -> active):
  custom:scripting/monoscript/fileName/ProcessorISX.cs: bf3a519bb3222208e2cc5d3a1133cc5e -> 
  custom:scripting/monoscript/fileName/ProcessorFloatISX.cs: b3a3a6aeac21a1262c99987346bdf46c -> 
  custom:scripting/monoscript/fileName/ControllerDiagramISX.cs: c13927c3b54f9a4370e9f6d54a80cb7a -> 
  custom:container-demuxer-ogg: 62fdf1f143b41e24485cea50d1cbac27 -> 
  custom:scripting/monoscript/fileName/ArrowHighlight.cs: 6b69fd9b902db43220af98f6198e4cb6 -> 
  custom:scripting/monoscript/fileName/ProcessorVector2ISX.cs: 2caa5811b3d1aefb86b582b775e63b2e -> 
  custom:scripting/monoscript/fileName/ControllerDiagramOldInput.cs: fed5fc5015059ab81b2824b8aa793045 -> 
  custom:scripting/monoscript/fileName/InteractionISX.cs: 5255cfb32d800f4693a6d13824bb7835 -> 
  custom:video-decoder-ogg-theora: a1e56fd34408186e4bbccfd4996cb3dc -> 
  custom:scripting/monoscript/fileName/EventsystemPicker.cs: 4f41f445263b59c43846853e24b3071c -> 
  custom:scripting/monoscript/fileName/PenISX.cs: 836db77c22c8edcc1f45803800aadb23 -> 
  custom:framework-win-MediaFoundation: 216162199b28c13a410421893ffa2e32 -> 
  custom:scripting/monoscript/fileName/SkyboxRotator.cs: c122ade9e2d3a916264f47a45be02789 -> 
  custom:scripting/monoscript/fileName/TouchISX.cs: d506537ad677961209c1cee157a00137 -> 
  custom:scripting/monoscript/fileName/ProcessorQuaternionISX.cs: 3d5a6c77db919aa46887442a43b1a7f3 -> 
  custom:scripting/monoscript/fileName/TouchDebugInfo.cs: 5f8009b57f5a4c6dbf9da1b364d9893e -> 
  custom:CustomObjectIndexerAttribute: 72b91833f83ae208fae7752999fa3104 -> 
  custom:scripting/monoscript/fileName/XboxISX.cs: 36918a0add4fb017177e821989d63bfd -> 
  custom:container-demuxer-webm: 4f35f7cbe854078d1ac9338744f61a02 -> 
  custom:scripting/monoscript/fileName/DualShockOldInput.cs: dfba7ddc7e222399b9fdc83393dadbc4 -> 
  custom:scripting/monoscript/fileName/InputUIPicker.cs: e47bb03e30fc66cd37715c22d1056642 -> 
  custom:scripting/monoscript/fileName/GamepadOldInput.cs: 3e090d647a536d297043fed3c41cf87a -> 
  custom:scripting/monoscript/fileName/FPSWalkerEnhanced.cs: 83ef146d82d16e0154acb6ccb6ea706a -> 
  custom:container-muxer-webm: aa71ff27fc2769a1b78a27578f13a17b -> 
  custom:video-decoder-webm-vp8: 9c59270c3fd7afecdb556c50c9e8de78 -> 
  custom:scripting/monoscript/fileName/TouchOldInput.cs: 83dcaecb295173cea8881946eb714ecf -> 
  custom:scripting/monoscript/fileName/InputDebugInfo.cs: ba4052f117a41ddadc1a1218953ff392 -> 
  custom:SearchIndexIgnoredProperties: e643bd26f0fe6173181afceb89e7c659 -> 
  custom:scripting/monoscript/fileName/SkyboxChanger.cs: 27a9374ce1608ea6a343361af3aa7d38 -> 
  custom:AudioImporter_EditorPlatform: d09bf68614088b80899f8185d706f6e7 -> 
  custom:scripting/monoscript/fileName/GamepadISX.cs: 117bd10bb6d7cba00c533bd21a4ac60d -> 
  custom:scripting/monoscript/fileName/TextHighlight.cs: 970cd5642e5662d314ea8ee02359e0d2 -> 
  custom:scripting/monoscript/fileName/KeyboardMouseISX.cs: 3257c72e877920a81aced3b5f72e65d1 -> 
  custom:video-encoder-webm-vp8: eb34c28f22e8b96e1ab97ce403110664 -> 
  custom:scripting/monoscript/fileName/ProcessorVector3ISX.cs: b4eea3c869c5c4af197e563948c77285 -> 
  custom:scripting/monoscript/fileName/SmoothMouseLook.cs: e12fd67feef9d119daa060f2b0fae928 -> 
  custom:audio-decoder-ogg-vorbis: bf7c407c2cedff20999df2af8eb42d56 -> 
  custom:scripting/monoscript/fileName/JoystickISX.cs: 0b0b31e855691ee5b65064271463d742 -> 
  custom:scripting/monoscript/fileName/DualShockISX.cs: 3f76a76778c5c5926b9d573ad0c31840 -> 
  custom:scripting/monoscript/fileName/KeyboardMouseOldInput.cs: 3fa66852c086cb5e476960d9da5f0d1a -> 
  custom:audio-encoder-webm-vorbis: bf7c407c2cedff20999df2af8eb42d56 -> 
  custom:scripting/monoscript/fileName/XboxOldInput.cs: 48a7af08755a496231529c7e7f39b305 -> 
  custom:scripting/precompiled-assembly-types:Assembly-CSharp: eb100d06eb73a14b5d559967e8f68c5f -> 0a393af2aa9d0f0d2c8428e96586805b
========================================================================
Received Prepare
Caller must complete domain reload
Begin MonoManager ReloadAssembly
- Loaded All Assemblies, in  0.621 seconds
Native extension for WindowsStandalone target not found
Native extension for Android target not found
Mono: successfully reloaded assembly
- Finished resetting the current domain, in  1.461 seconds
Domain Reload Profiling: 2078ms
	BeginReloadAssembly (235ms)
		ExecutionOrderSort (0ms)
		DisableScriptedObjects (7ms)
		BackupInstance (0ms)
		ReleaseScriptingObjects (0ms)
		CreateAndSetChildDomain (47ms)
	RebuildCommonClasses (61ms)
	RebuildNativeTypeToScriptingClass (17ms)
	initialDomainReloadingComplete (48ms)
	LoadAllAssembliesAndSetupDomain (254ms)
		LoadAssemblies (364ms)
		RebuildTransferFunctionScriptingTraits (0ms)
		AnalyzeDomain (26ms)
			TypeCache.Refresh (8ms)
				TypeCache.ScanAssembly (0ms)
			ScanForSourceGeneratedMonoScriptInfo (0ms)
			ResolveRequiredComponents (18ms)
	FinalizeReload (1462ms)
		ReleaseScriptCaches (0ms)
		RebuildScriptCaches (0ms)
		SetupLoadedEditorAssemblies (616ms)
			LogAssemblyErrors (0ms)
			InitializePlatformSupportModulesInManaged (26ms)
			SetLoadedEditorAssemblies (3ms)
			RefreshPlugins (0ms)
			BeforeProcessingInitializeOnLoad (74ms)
			ProcessInitializeOnLoadAttributes (387ms)
			ProcessInitializeOnLoadMethodAttributes (112ms)
			AfterProcessingInitializeOnLoad (13ms)
			EditorAssembliesLoaded (0ms)
		ExecutionOrderSort2 (0ms)
		AwakeInstancesAfterBackupRestoration (27ms)
Refreshing native plugins compatible for Editor in 4.67 ms, found 3 plugins.
Preloading 0 native plugins for Editor in 0.00 ms.
Unloading 3555 Unused Serialized files (Serialized files now loaded: 0)
Unloading 48 unused Assets / (0.8 MB). Loaded Objects now: 4214.
Memory consumption went from 154.2 MB to 153.4 MB.
Total: 5.034600 ms (FindLiveObjects: 0.433900 ms CreateObjectMapping: 0.331000 ms MarkObjects: 3.811600 ms  DeleteObjects: 0.456500 ms)

Prepare: number of updated asset objects reloaded= 1
AssetImportParameters requested are different than current active one (requested -> active):
  custom:scripting/monoscript/fileName/ProcessorISX.cs: bf3a519bb3222208e2cc5d3a1133cc5e -> 
  custom:scripting/monoscript/fileName/ProcessorFloatISX.cs: b3a3a6aeac21a1262c99987346bdf46c -> 
  custom:scripting/monoscript/fileName/ControllerDiagramISX.cs: c13927c3b54f9a4370e9f6d54a80cb7a -> 
  custom:container-demuxer-ogg: 62fdf1f143b41e24485cea50d1cbac27 -> 
  custom:scripting/monoscript/fileName/ArrowHighlight.cs: 6b69fd9b902db43220af98f6198e4cb6 -> 
  custom:scripting/monoscript/fileName/ProcessorVector2ISX.cs: 2caa5811b3d1aefb86b582b775e63b2e -> 
  custom:scripting/monoscript/fileName/ControllerDiagramOldInput.cs: fed5fc5015059ab81b2824b8aa793045 -> 
  custom:scripting/monoscript/fileName/InteractionISX.cs: 5255cfb32d800f4693a6d13824bb7835 -> 
  custom:video-decoder-ogg-theora: a1e56fd34408186e4bbccfd4996cb3dc -> 
  custom:scripting/monoscript/fileName/EventsystemPicker.cs: 4f41f445263b59c43846853e24b3071c -> 
  custom:scripting/monoscript/fileName/PenISX.cs: 836db77c22c8edcc1f45803800aadb23 -> 
  custom:framework-win-MediaFoundation: 216162199b28c13a410421893ffa2e32 -> 
  custom:scripting/monoscript/fileName/SkyboxRotator.cs: c122ade9e2d3a916264f47a45be02789 -> 
  custom:scripting/monoscript/fileName/TouchISX.cs: d506537ad677961209c1cee157a00137 -> 
  custom:scripting/monoscript/fileName/ProcessorQuaternionISX.cs: 3d5a6c77db919aa46887442a43b1a7f3 -> 
  custom:scripting/monoscript/fileName/TouchDebugInfo.cs: 5f8009b57f5a4c6dbf9da1b364d9893e -> 
  custom:CustomObjectIndexerAttribute: 72b91833f83ae208fae7752999fa3104 -> 
  custom:scripting/monoscript/fileName/XboxISX.cs: 36918a0add4fb017177e821989d63bfd -> 
  custom:container-demuxer-webm: 4f35f7cbe854078d1ac9338744f61a02 -> 
  custom:scripting/monoscript/fileName/DualShockOldInput.cs: dfba7ddc7e222399b9fdc83393dadbc4 -> 
  custom:scripting/monoscript/fileName/InputUIPicker.cs: e47bb03e30fc66cd37715c22d1056642 -> 
  custom:scripting/monoscript/fileName/GamepadOldInput.cs: 3e090d647a536d297043fed3c41cf87a -> 
  custom:scripting/monoscript/fileName/FPSWalkerEnhanced.cs: 83ef146d82d16e0154acb6ccb6ea706a -> 
  custom:container-muxer-webm: aa71ff27fc2769a1b78a27578f13a17b -> 
  custom:video-decoder-webm-vp8: 9c59270c3fd7afecdb556c50c9e8de78 -> 
  custom:scripting/monoscript/fileName/TouchOldInput.cs: 83dcaecb295173cea8881946eb714ecf -> 
  custom:scripting/monoscript/fileName/InputDebugInfo.cs: ba4052f117a41ddadc1a1218953ff392 -> 
  custom:SearchIndexIgnoredProperties: e643bd26f0fe6173181afceb89e7c659 -> 
  custom:scripting/monoscript/fileName/SkyboxChanger.cs: 27a9374ce1608ea6a343361af3aa7d38 -> 
  custom:AudioImporter_EditorPlatform: d09bf68614088b80899f8185d706f6e7 -> 
  custom:scripting/monoscript/fileName/GamepadISX.cs: 117bd10bb6d7cba00c533bd21a4ac60d -> 
  custom:scripting/monoscript/fileName/TextHighlight.cs: 970cd5642e5662d314ea8ee02359e0d2 -> 
  custom:scripting/monoscript/fileName/KeyboardMouseISX.cs: 3257c72e877920a81aced3b5f72e65d1 -> 
  custom:video-encoder-webm-vp8: eb34c28f22e8b96e1ab97ce403110664 -> 
  custom:scripting/monoscript/fileName/ProcessorVector3ISX.cs: b4eea3c869c5c4af197e563948c77285 -> 
  custom:scripting/monoscript/fileName/SmoothMouseLook.cs: e12fd67feef9d119daa060f2b0fae928 -> 
  custom:audio-decoder-ogg-vorbis: bf7c407c2cedff20999df2af8eb42d56 -> 
  custom:scripting/monoscript/fileName/JoystickISX.cs: 0b0b31e855691ee5b65064271463d742 -> 
  custom:scripting/monoscript/fileName/DualShockISX.cs: 3f76a76778c5c5926b9d573ad0c31840 -> 
  custom:scripting/monoscript/fileName/KeyboardMouseOldInput.cs: 3fa66852c086cb5e476960d9da5f0d1a -> 
  custom:audio-encoder-webm-vorbis: bf7c407c2cedff20999df2af8eb42d56 -> 
  custom:scripting/monoscript/fileName/XboxOldInput.cs: 48a7af08755a496231529c7e7f39b305 -> 
========================================================================
Received Import Request.
  Time since last request: 9957.406073 seconds.
  path: Assets/Prefabs/Tiles/PlainLand/Road/Single/Dead End/Tile_Road_Single_LB.prefab
  artifactKey: Guid(0551a6c348a6dde4db35c2c0e52987eb) Importer(815301076,1909f56bfc062723c751e8b465ee728b)
Start importing Assets/Prefabs/Tiles/PlainLand/Road/Single/Dead End/Tile_Road_Single_LB.prefab using Guid(0551a6c348a6dde4db35c2c0e52987eb) Importer(815301076,1909f56bfc062723c751e8b465ee728b) [PhysX] Initialized MultithreadedTaskDispatcher with 8 workers.
[PhysX] Initialized MultithreadedTaskDispatcher with 8 workers.
 -> (artifact id: '9f0e2b368dc46de6158247ce40905050') in 0.703191 seconds
Number of updated asset objects reloaded before import = 0
Number of asset objects unloaded after import = 42
========================================================================
Received Import Request.
  Time since last request: 0.000040 seconds.
  path: Assets/Prefabs/Tiles/PlainLand/Forest/Tile_Forest_RB.prefab
  artifactKey: Guid(784674c550693214ea623193716509d5) Importer(815301076,1909f56bfc062723c751e8b465ee728b)
Start importing Assets/Prefabs/Tiles/PlainLand/Forest/Tile_Forest_RB.prefab using Guid(784674c550693214ea623193716509d5) Importer(815301076,1909f56bfc062723c751e8b465ee728b) [PhysX] Initialized MultithreadedTaskDispatcher with 8 workers.
[PhysX] Initialized MultithreadedTaskDispatcher with 8 workers.
 -> (artifact id: 'bf6d3ae57a417b6d2609ce8b24538c74') in 0.202918 seconds
Number of updated asset objects reloaded before import = 0
Number of asset objects unloaded after import = 65
========================================================================
Received Import Request.
  Time since last request: 0.000035 seconds.
  path: Assets/Prefabs/Colonist/Tiles/Resources_Grain.prefab
  artifactKey: Guid(d1026a962e8c6cb4a9cbd26dcb0e1f3f) Importer(815301076,1909f56bfc062723c751e8b465ee728b)
Start importing Assets/Prefabs/Colonist/Tiles/Resources_Grain.prefab using Guid(d1026a962e8c6cb4a9cbd26dcb0e1f3f) Importer(815301076,1909f56bfc062723c751e8b465ee728b) [PhysX] Initialized MultithreadedTaskDispatcher with 8 workers.
[PhysX] Initialized MultithreadedTaskDispatcher with 8 workers.
 -> (artifact id: 'b78713a2c668b156743fe39a7fcd9b5b') in 0.608083 seconds
Number of updated asset objects reloaded before import = 0
Number of asset objects unloaded after import = 193
========================================================================
Received Import Request.
  Time since last request: 0.000037 seconds.
  path: Assets/Prefabs/Colonist/Tiles/Resources_Wood 1.prefab
  artifactKey: Guid(a9c2f4c871d4ada46b58906ec4c0152b) Importer(815301076,1909f56bfc062723c751e8b465ee728b)
Start importing Assets/Prefabs/Colonist/Tiles/Resources_Wood 1.prefab using Guid(a9c2f4c871d4ada46b58906ec4c0152b) Importer(815301076,1909f56bfc062723c751e8b465ee728b) [PhysX] Initialized MultithreadedTaskDispatcher with 8 workers.
[PhysX] Initialized MultithreadedTaskDispatcher with 8 workers.
 -> (artifact id: '3790e0fac533dede121c3bbe38811c70') in 0.091006 seconds
Number of updated asset objects reloaded before import = 0
Number of asset objects unloaded after import = 25
========================================================================
Received Import Request.
  Time since last request: 0.000023 seconds.
  path: Assets/Prefabs/Tiles/PlainLand/Road/Single/Dead End/Tile_Road_Single_RT.prefab
  artifactKey: Guid(98f179d16ff490c41ac319557fda2a95) Importer(815301076,1909f56bfc062723c751e8b465ee728b)
Start importing Assets/Prefabs/Tiles/PlainLand/Road/Single/Dead End/Tile_Road_Single_RT.prefab using Guid(98f179d16ff490c41ac319557fda2a95) Importer(815301076,1909f56bfc062723c751e8b465ee728b) [PhysX] Initialized MultithreadedTaskDispatcher with 8 workers.
[PhysX] Initialized MultithreadedTaskDispatcher with 8 workers.
 -> (artifact id: '1b2a967fac7712dd3a24e971fa41fd6e') in 0.027454 seconds
Number of updated asset objects reloaded before import = 0
Number of asset objects unloaded after import = 24
========================================================================
Received Import Request.
  Time since last request: 0.000031 seconds.
  path: Assets/Prefabs/Colonist/Tiles/Desert.prefab
  artifactKey: Guid(b4bb5b916397c804c9057f327700e083) Importer(815301076,1909f56bfc062723c751e8b465ee728b)
Start importing Assets/Prefabs/Colonist/Tiles/Desert.prefab using Guid(b4bb5b916397c804c9057f327700e083) Importer(815301076,1909f56bfc062723c751e8b465ee728b) [PhysX] Initialized MultithreadedTaskDispatcher with 8 workers.
[PhysX] Initialized MultithreadedTaskDispatcher with 8 workers.
 -> (artifact id: '51bafc54ee5f79d6c4d6406a5b18efb9') in 0.298912 seconds
Number of updated asset objects reloaded before import = 0
Number of asset objects unloaded after import = 103
========================================================================
Received Import Request.
  Time since last request: 0.000032 seconds.
  path: Assets/Prefabs/Tiles/PlainLand/Road/Single/Dead End/Tile_Road_Single_R.prefab
  artifactKey: Guid(801d38952c239cf499715b4d7f4cdee2) Importer(815301076,1909f56bfc062723c751e8b465ee728b)
Start importing Assets/Prefabs/Tiles/PlainLand/Road/Single/Dead End/Tile_Road_Single_R.prefab using Guid(801d38952c239cf499715b4d7f4cdee2) Importer(815301076,1909f56bfc062723c751e8b465ee728b) [PhysX] Initialized MultithreadedTaskDispatcher with 8 workers.
[PhysX] Initialized MultithreadedTaskDispatcher with 8 workers.
 -> (artifact id: '110bd5535e953b122fca4e08a0c504e9') in 0.071600 seconds
Number of updated asset objects reloaded before import = 0
Number of asset objects unloaded after import = 24
========================================================================
Received Import Request.
  Time since last request: 0.000043 seconds.
  path: Assets/Prefabs/Tiles/PlainLand/Forest/Tile_Forest_R.prefab
  artifactKey: Guid(e4e5627323ac88644b27918e5c0ac516) Importer(815301076,1909f56bfc062723c751e8b465ee728b)
Start importing Assets/Prefabs/Tiles/PlainLand/Forest/Tile_Forest_R.prefab using Guid(e4e5627323ac88644b27918e5c0ac516) Importer(815301076,1909f56bfc062723c751e8b465ee728b) [PhysX] Initialized MultithreadedTaskDispatcher with 8 workers.
[PhysX] Initialized MultithreadedTaskDispatcher with 8 workers.
 -> (artifact id: '93bf7950c7d9873ec009c70a4532b048') in 0.030271 seconds
Number of updated asset objects reloaded before import = 0
Number of asset objects unloaded after import = 65
========================================================================
Received Import Request.
  Time since last request: 0.000031 seconds.
  path: Assets/Prefabs/Tiles/PlainLand/Road/Single/Dead End/Tile_Road_Single_RB.prefab
  artifactKey: Guid(6eac56b46fb78624f9c90fdbeafbf620) Importer(815301076,1909f56bfc062723c751e8b465ee728b)
Start importing Assets/Prefabs/Tiles/PlainLand/Road/Single/Dead End/Tile_Road_Single_RB.prefab using Guid(6eac56b46fb78624f9c90fdbeafbf620) Importer(815301076,1909f56bfc062723c751e8b465ee728b) [PhysX] Initialized MultithreadedTaskDispatcher with 8 workers.
[PhysX] Initialized MultithreadedTaskDispatcher with 8 workers.
 -> (artifact id: '9f7d7c12bdfaf07ed01fc5b07e2d6f4c') in 0.025610 seconds
Number of updated asset objects reloaded before import = 0
Number of asset objects unloaded after import = 24
========================================================================
Received Import Request.
  Time since last request: 0.000046 seconds.
  path: Assets/Prefabs/Tiles/PlainLand/Forest/Tile_Forest_RT.prefab
  artifactKey: Guid(9ad9f6c31c05d564fb14b46d1ddc0592) Importer(815301076,1909f56bfc062723c751e8b465ee728b)
Start importing Assets/Prefabs/Tiles/PlainLand/Forest/Tile_Forest_RT.prefab using Guid(9ad9f6c31c05d564fb14b46d1ddc0592) Importer(815301076,1909f56bfc062723c751e8b465ee728b) [PhysX] Initialized MultithreadedTaskDispatcher with 8 workers.
[PhysX] Initialized MultithreadedTaskDispatcher with 8 workers.
 -> (artifact id: 'f638a71a080da582efcbc031e9af8b9a') in 0.049769 seconds
Number of updated asset objects reloaded before import = 0
Number of asset objects unloaded after import = 65
========================================================================
Received Import Request.
  Time since last request: 0.000028 seconds.
  path: Assets/Prefabs/Tiles/PlainLand/Forest/Tile_Forest_0.prefab
  artifactKey: Guid(3f6de99eac6b66144838351d83cd7f0b) Importer(815301076,1909f56bfc062723c751e8b465ee728b)
Start importing Assets/Prefabs/Tiles/PlainLand/Forest/Tile_Forest_0.prefab using Guid(3f6de99eac6b66144838351d83cd7f0b) Importer(815301076,1909f56bfc062723c751e8b465ee728b) [PhysX] Initialized MultithreadedTaskDispatcher with 8 workers.
[PhysX] Initialized MultithreadedTaskDispatcher with 8 workers.
 -> (artifact id: 'adab29635cf70c1bbd39ed8c4ab28c1d') in 0.031879 seconds
Number of updated asset objects reloaded before import = 0
Number of asset objects unloaded after import = 34
========================================================================
Received Import Request.
  Time since last request: 0.000040 seconds.
  path: Assets/Prefabs/Tiles/PlainLand/Forest/Tile_Forest_LB.prefab
  artifactKey: Guid(41d4240a2306e1744a1ab5edc3544c7a) Importer(815301076,1909f56bfc062723c751e8b465ee728b)
Start importing Assets/Prefabs/Tiles/PlainLand/Forest/Tile_Forest_LB.prefab using Guid(41d4240a2306e1744a1ab5edc3544c7a) Importer(815301076,1909f56bfc062723c751e8b465ee728b) [PhysX] Initialized MultithreadedTaskDispatcher with 8 workers.
[PhysX] Initialized MultithreadedTaskDispatcher with 8 workers.
 -> (artifact id: 'e7ffd25955c3c76f033b846ad32d7e02') in 0.029672 seconds
Number of updated asset objects reloaded before import = 0
Number of asset objects unloaded after import = 65
========================================================================
Received Import Request.
  Time since last request: 0.000032 seconds.
  path: Assets/Prefabs/Tiles/PlainLand/Road/Single/Dead End/Tile_Road_Single_L.prefab
  artifactKey: Guid(913caa7ce35a07e4881a023f712cf63e) Importer(815301076,1909f56bfc062723c751e8b465ee728b)
Start importing Assets/Prefabs/Tiles/PlainLand/Road/Single/Dead End/Tile_Road_Single_L.prefab using Guid(913caa7ce35a07e4881a023f712cf63e) Importer(815301076,1909f56bfc062723c751e8b465ee728b) [PhysX] Initialized MultithreadedTaskDispatcher with 8 workers.
[PhysX] Initialized MultithreadedTaskDispatcher with 8 workers.
 -> (artifact id: '7e861abd14b450e8f4ca04b398726567') in 0.022474 seconds
Number of updated asset objects reloaded before import = 0
Number of asset objects unloaded after import = 24
========================================================================
Received Import Request.
  Time since last request: 49.168130 seconds.
  path: Assets/Prefabs/Tiles/PlainLand/Road/Corner_120/Tile_Road_Turn120_LT_R.prefab
  artifactKey: Guid(94b19e64db7870345bfcd190d1cb4921) Importer(815301076,1909f56bfc062723c751e8b465ee728b)
Start importing Assets/Prefabs/Tiles/PlainLand/Road/Corner_120/Tile_Road_Turn120_LT_R.prefab using Guid(94b19e64db7870345bfcd190d1cb4921) Importer(815301076,1909f56bfc062723c751e8b465ee728b) [PhysX] Initialized MultithreadedTaskDispatcher with 8 workers.
[PhysX] Initialized MultithreadedTaskDispatcher with 8 workers.
 -> (artifact id: '7d7f3abc80d7e62a4d1116fc50f7b6e9') in 0.114419 seconds
Number of updated asset objects reloaded before import = 0
Number of asset objects unloaded after import = 24
========================================================================
Received Import Request.
  Time since last request: 0.000038 seconds.
  path: Assets/Prefabs/Tiles/PlainLand/Road/Corner_120/Tile_Road_Turn120_RT_RB.prefab
  artifactKey: Guid(e741b2d5ca94d1d44af1dc394e441120) Importer(815301076,1909f56bfc062723c751e8b465ee728b)
Start importing Assets/Prefabs/Tiles/PlainLand/Road/Corner_120/Tile_Road_Turn120_RT_RB.prefab using Guid(e741b2d5ca94d1d44af1dc394e441120) Importer(815301076,1909f56bfc062723c751e8b465ee728b) [PhysX] Initialized MultithreadedTaskDispatcher with 8 workers.
[PhysX] Initialized MultithreadedTaskDispatcher with 8 workers.
 -> (artifact id: 'd56f32df8f1c699e3d4a9a828ee13bf4') in 0.024528 seconds
Number of updated asset objects reloaded before import = 0
Number of asset objects unloaded after import = 24
========================================================================
Received Import Request.
  Time since last request: 0.000046 seconds.
  path: Assets/Prefabs/Tiles/PlainLand/Road/Corner_120/Tile_Road_Turn120_R_LB.prefab
  artifactKey: Guid(929478076e6fc434589a2963a2c4f970) Importer(815301076,1909f56bfc062723c751e8b465ee728b)
Start importing Assets/Prefabs/Tiles/PlainLand/Road/Corner_120/Tile_Road_Turn120_R_LB.prefab using Guid(929478076e6fc434589a2963a2c4f970) Importer(815301076,1909f56bfc062723c751e8b465ee728b) [PhysX] Initialized MultithreadedTaskDispatcher with 8 workers.
[PhysX] Initialized MultithreadedTaskDispatcher with 8 workers.
 -> (artifact id: 'c142f5960eb9b29c2e12746d2df741ff') in 0.024717 seconds
Number of updated asset objects reloaded before import = 0
Number of asset objects unloaded after import = 24
========================================================================
Received Import Request.
  Time since last request: 5.997308 seconds.
  path: Assets/Prefabs/Tiles/PlainLand/Road/Straight/Tile_Road_Line_LB_RB.prefab
  artifactKey: Guid(0e9cdf54557a7c34999b1e01ba2a7d6f) Importer(815301076,1909f56bfc062723c751e8b465ee728b)
Start importing Assets/Prefabs/Tiles/PlainLand/Road/Straight/Tile_Road_Line_LB_RB.prefab using Guid(0e9cdf54557a7c34999b1e01ba2a7d6f) Importer(815301076,1909f56bfc062723c751e8b465ee728b) [PhysX] Initialized MultithreadedTaskDispatcher with 8 workers.
[PhysX] Initialized MultithreadedTaskDispatcher with 8 workers.
 -> (artifact id: '811e5a9e85a0d4e890ed7d3e2cf15e26') in 0.115352 seconds
Number of updated asset objects reloaded before import = 0
Number of asset objects unloaded after import = 24
========================================================================
Received Import Request.
  Time since last request: 3.222943 seconds.
  path: Assets/Prefabs/Tiles/PlainLand/Road/Corner_60/Tile_Road_Turn60_LB_L.prefab
  artifactKey: Guid(9595d592a9755b84497af099ccb2ff2d) Importer(815301076,1909f56bfc062723c751e8b465ee728b)
Start importing Assets/Prefabs/Tiles/PlainLand/Road/Corner_60/Tile_Road_Turn60_LB_L.prefab using Guid(9595d592a9755b84497af099ccb2ff2d) Importer(815301076,1909f56bfc062723c751e8b465ee728b) [PhysX] Initialized MultithreadedTaskDispatcher with 8 workers.
[PhysX] Initialized MultithreadedTaskDispatcher with 8 workers.
 -> (artifact id: 'ebd23c4521bb80ede90bf561f4d25fad') in 1.422822 seconds
Number of updated asset objects reloaded before import = 0
Number of asset objects unloaded after import = 24
========================================================================
Received Import Request.
  Time since last request: 0.000694 seconds.
  path: Assets/Prefabs/Tiles/PlainLand/Road/Corner_60/Tile_Road_Turn60_RT_R.prefab
  artifactKey: Guid(0bdad21ec913afa49b614ad04154cd0f) Importer(815301076,1909f56bfc062723c751e8b465ee728b)
Start importing Assets/Prefabs/Tiles/PlainLand/Road/Corner_60/Tile_Road_Turn60_RT_R.prefab using Guid(0bdad21ec913afa49b614ad04154cd0f) Importer(815301076,1909f56bfc062723c751e8b465ee728b) [PhysX] Initialized MultithreadedTaskDispatcher with 8 workers.
[PhysX] Initialized MultithreadedTaskDispatcher with 8 workers.
 -> (artifact id: 'a984701fc8a29828660f46be65abc48d') in 0.037034 seconds
Number of updated asset objects reloaded before import = 0
Number of asset objects unloaded after import = 24
========================================================================
Received Import Request.
  Time since last request: 0.000037 seconds.
  path: Assets/Prefabs/Tiles/PlainLand/Road/Corner_60/Tile_Road_Turn60_R_RB.prefab
  artifactKey: Guid(5cf22545728900543bea543153bbec6b) Importer(815301076,1909f56bfc062723c751e8b465ee728b)
Start importing Assets/Prefabs/Tiles/PlainLand/Road/Corner_60/Tile_Road_Turn60_R_RB.prefab using Guid(5cf22545728900543bea543153bbec6b) Importer(815301076,1909f56bfc062723c751e8b465ee728b) [PhysX] Initialized MultithreadedTaskDispatcher with 8 workers.
[PhysX] Initialized MultithreadedTaskDispatcher with 8 workers.
 -> (artifact id: '0f33007ff7e1cace12c7b6722af1cbfd') in 0.525833 seconds
Number of updated asset objects reloaded before import = 0
Number of asset objects unloaded after import = 24
========================================================================
Received Import Request.
  Time since last request: 18.232010 seconds.
  path: Assets/Prefabs/Tiles/PlainLand/Road/Triple Y/Tile_Road_Cross_R_L_LT.prefab
  artifactKey: Guid(fe753e1a0fd02574c808dd8dc045d2ee) Importer(815301076,1909f56bfc062723c751e8b465ee728b)
Start importing Assets/Prefabs/Tiles/PlainLand/Road/Triple Y/Tile_Road_Cross_R_L_LT.prefab using Guid(fe753e1a0fd02574c808dd8dc045d2ee) Importer(815301076,1909f56bfc062723c751e8b465ee728b) [PhysX] Initialized MultithreadedTaskDispatcher with 8 workers.
[PhysX] Initialized MultithreadedTaskDispatcher with 8 workers.
 -> (artifact id: '260b35d8f8beb99d25c904851c3d81d6') in 0.225761 seconds
Number of updated asset objects reloaded before import = 0
Number of asset objects unloaded after import = 95
========================================================================
Received Import Request.
  Time since last request: 0.000037 seconds.
  path: Assets/Prefabs/Tiles/PlainLand/Road/Triple Y/Tile_Road_Cross_R_RB_LT.prefab
  artifactKey: Guid(cc864b6063c18f640abd69bc8532c80d) Importer(815301076,1909f56bfc062723c751e8b465ee728b)
Start importing Assets/Prefabs/Tiles/PlainLand/Road/Triple Y/Tile_Road_Cross_R_RB_LT.prefab using Guid(cc864b6063c18f640abd69bc8532c80d) Importer(815301076,1909f56bfc062723c751e8b465ee728b) [PhysX] Initialized MultithreadedTaskDispatcher with 8 workers.
[PhysX] Initialized MultithreadedTaskDispatcher with 8 workers.
 -> (artifact id: '2561944c1a3349abef0b30ed41abb164') in 0.026854 seconds
Number of updated asset objects reloaded before import = 0
Number of asset objects unloaded after import = 24
========================================================================
Received Import Request.
  Time since last request: 0.000039 seconds.
  path: Assets/Prefabs/Tiles/PlainLand/Road/Triple Y/Tile_Road_Cross_RT_LB_LT.prefab
  artifactKey: Guid(2ac753a9e8fd1074ab827c0c74d53160) Importer(815301076,1909f56bfc062723c751e8b465ee728b)
Start importing Assets/Prefabs/Tiles/PlainLand/Road/Triple Y/Tile_Road_Cross_RT_LB_LT.prefab using Guid(2ac753a9e8fd1074ab827c0c74d53160) Importer(815301076,1909f56bfc062723c751e8b465ee728b) [PhysX] Initialized MultithreadedTaskDispatcher with 8 workers.
[PhysX] Initialized MultithreadedTaskDispatcher with 8 workers.
 -> (artifact id: 'fde29d579a9776e44f82e116a500786c') in 0.026322 seconds
Number of updated asset objects reloaded before import = 0
Number of asset objects unloaded after import = 24
========================================================================
Received Import Request.
  Time since last request: 0.000029 seconds.
  path: Assets/Prefabs/Tiles/PlainLand/Road/Triple Y/Tile_Road_Cross_R_LB_LT_1.prefab
  artifactKey: Guid(51c048bf0ae014648a71c1b3d7684b9c) Importer(815301076,1909f56bfc062723c751e8b465ee728b)
Start importing Assets/Prefabs/Tiles/PlainLand/Road/Triple Y/Tile_Road_Cross_R_LB_LT_1.prefab using Guid(51c048bf0ae014648a71c1b3d7684b9c) Importer(815301076,1909f56bfc062723c751e8b465ee728b) [PhysX] Initialized MultithreadedTaskDispatcher with 8 workers.
[PhysX] Initialized MultithreadedTaskDispatcher with 8 workers.
 -> (artifact id: '060aa3cada7c116975c8c616c5a939d8') in 0.072228 seconds
Number of updated asset objects reloaded before import = 0
Number of asset objects unloaded after import = 24
========================================================================
Received Import Request.
  Time since last request: 0.000037 seconds.
  path: Assets/Prefabs/Tiles/PlainLand/Road/Triple Y/Tile_Road_Cross_RT_L_LT.prefab
  artifactKey: Guid(b4bc77305e231cb4d9a769fb24e81655) Importer(815301076,1909f56bfc062723c751e8b465ee728b)
Start importing Assets/Prefabs/Tiles/PlainLand/Road/Triple Y/Tile_Road_Cross_RT_L_LT.prefab using Guid(b4bc77305e231cb4d9a769fb24e81655) Importer(815301076,1909f56bfc062723c751e8b465ee728b) [PhysX] Initialized MultithreadedTaskDispatcher with 8 workers.
[PhysX] Initialized MultithreadedTaskDispatcher with 8 workers.
 -> (artifact id: 'b7ad79838d4b139fb1e572bedd8622bc') in 0.024005 seconds
Number of updated asset objects reloaded before import = 0
Number of asset objects unloaded after import = 27
========================================================================
Received Import Request.
  Time since last request: 0.000036 seconds.
  path: Assets/Prefabs/Tiles/PlainLand/Road/Triple Y/Tile_Road_Cross_RT_RB_L_0.prefab
  artifactKey: Guid(a71cd313a9471ec47872ceb9ef66a9a8) Importer(815301076,1909f56bfc062723c751e8b465ee728b)
Start importing Assets/Prefabs/Tiles/PlainLand/Road/Triple Y/Tile_Road_Cross_RT_RB_L_0.prefab using Guid(a71cd313a9471ec47872ceb9ef66a9a8) Importer(815301076,1909f56bfc062723c751e8b465ee728b) [PhysX] Initialized MultithreadedTaskDispatcher with 8 workers.
[PhysX] Initialized MultithreadedTaskDispatcher with 8 workers.
 -> (artifact id: '527ba6136ad1b08c099a1776ebb6c5db') in 0.057907 seconds
Number of updated asset objects reloaded before import = 0
Number of asset objects unloaded after import = 24
========================================================================
Received Import Request.
  Time since last request: 0.000029 seconds.
  path: Assets/Prefabs/Tiles/PlainLand/Road/Triple Y/Tile_Road_Cross_RT_RB_L_2.prefab
  artifactKey: Guid(afca5fbad66341349a33833633d99ceb) Importer(815301076,1909f56bfc062723c751e8b465ee728b)
Start importing Assets/Prefabs/Tiles/PlainLand/Road/Triple Y/Tile_Road_Cross_RT_RB_L_2.prefab using Guid(afca5fbad66341349a33833633d99ceb) Importer(815301076,1909f56bfc062723c751e8b465ee728b) [PhysX] Initialized MultithreadedTaskDispatcher with 8 workers.
[PhysX] Initialized MultithreadedTaskDispatcher with 8 workers.
 -> (artifact id: '9e334ed7e4b15d89032d9b0118793b93') in 0.031722 seconds
Number of updated asset objects reloaded before import = 0
Number of asset objects unloaded after import = 24
========================================================================
Received Import Request.
  Time since last request: 0.000026 seconds.
  path: Assets/Prefabs/Tiles/PlainLand/Road/Triple Y/Tile_Road_Cross_R_LB_LT_0.prefab
  artifactKey: Guid(5463d0103145bac4caa17d465c899d53) Importer(815301076,1909f56bfc062723c751e8b465ee728b)
Start importing Assets/Prefabs/Tiles/PlainLand/Road/Triple Y/Tile_Road_Cross_R_LB_LT_0.prefab using Guid(5463d0103145bac4caa17d465c899d53) Importer(815301076,1909f56bfc062723c751e8b465ee728b) [PhysX] Initialized MultithreadedTaskDispatcher with 8 workers.
[PhysX] Initialized MultithreadedTaskDispatcher with 8 workers.
 -> (artifact id: '04e1cd903f80c48dde2d5b6fe041aac7') in 0.027158 seconds
Number of updated asset objects reloaded before import = 0
Number of asset objects unloaded after import = 24
========================================================================
Received Import Request.
  Time since last request: 0.000054 seconds.
  path: Assets/Prefabs/Tiles/PlainLand/Road/Triple Y/Tile_Road_Cross_RB_LB_LT.prefab
  artifactKey: Guid(7a37b482870c8984abaaca5474774511) Importer(815301076,1909f56bfc062723c751e8b465ee728b)
Start importing Assets/Prefabs/Tiles/PlainLand/Road/Triple Y/Tile_Road_Cross_RB_LB_LT.prefab using Guid(7a37b482870c8984abaaca5474774511) Importer(815301076,1909f56bfc062723c751e8b465ee728b) [PhysX] Initialized MultithreadedTaskDispatcher with 8 workers.
[PhysX] Initialized MultithreadedTaskDispatcher with 8 workers.
 -> (artifact id: '8c83a2dc472a359da72e9c84bc17aa6b') in 0.021703 seconds
Number of updated asset objects reloaded before import = 0
Number of asset objects unloaded after import = 24
========================================================================
Received Import Request.
  Time since last request: 0.000030 seconds.
  path: Assets/Prefabs/Tiles/PlainLand/Road/Triple Y/Tile_Road_Cross_RT_R_LB.prefab
  artifactKey: Guid(91c6f9dbcafe52d4184c47a2e2067b4d) Importer(815301076,1909f56bfc062723c751e8b465ee728b)
Start importing Assets/Prefabs/Tiles/PlainLand/Road/Triple Y/Tile_Road_Cross_RT_R_LB.prefab using Guid(91c6f9dbcafe52d4184c47a2e2067b4d) Importer(815301076,1909f56bfc062723c751e8b465ee728b) [PhysX] Initialized MultithreadedTaskDispatcher with 8 workers.
[PhysX] Initialized MultithreadedTaskDispatcher with 8 workers.
 -> (artifact id: '8d708cfe547e593b8ee6774347176b65') in 0.022430 seconds
Number of updated asset objects reloaded before import = 0
Number of asset objects unloaded after import = 24
========================================================================
Received Prepare
Caller must complete domain reload
Begin MonoManager ReloadAssembly
- Loaded All Assemblies, in  0.671 seconds
Native extension for WindowsStandalone target not found
Native extension for Android target not found
Mono: successfully reloaded assembly
- Finished resetting the current domain, in  1.463 seconds
Domain Reload Profiling: 2130ms
	BeginReloadAssembly (282ms)
		ExecutionOrderSort (0ms)
		DisableScriptedObjects (19ms)
		BackupInstance (0ms)
		ReleaseScriptingObjects (0ms)
		CreateAndSetChildDomain (59ms)
	RebuildCommonClasses (63ms)
	RebuildNativeTypeToScriptingClass (18ms)
	initialDomainReloadingComplete (47ms)
	LoadAllAssembliesAndSetupDomain (257ms)
		LoadAssemblies (354ms)
		RebuildTransferFunctionScriptingTraits (0ms)
		AnalyzeDomain (58ms)
			TypeCache.Refresh (13ms)
				TypeCache.ScanAssembly (1ms)
			ScanForSourceGeneratedMonoScriptInfo (33ms)
			ResolveRequiredComponents (12ms)
	FinalizeReload (1464ms)
		ReleaseScriptCaches (0ms)
		RebuildScriptCaches (0ms)
		SetupLoadedEditorAssemblies (695ms)
			LogAssemblyErrors (0ms)
			InitializePlatformSupportModulesInManaged (31ms)
			SetLoadedEditorAssemblies (5ms)
			RefreshPlugins (0ms)
			BeforeProcessingInitializeOnLoad (101ms)
			ProcessInitializeOnLoadAttributes (427ms)
			ProcessInitializeOnLoadMethodAttributes (119ms)
			AfterProcessingInitializeOnLoad (12ms)
			EditorAssembliesLoaded (0ms)
		ExecutionOrderSort2 (0ms)
		AwakeInstancesAfterBackupRestoration (27ms)
Refreshing native plugins compatible for Editor in 6.18 ms, found 3 plugins.
Preloading 0 native plugins for Editor in 0.00 ms.
Unloading 3546 Unused Serialized files (Serialized files now loaded: 0)
Unloading 30 unused Assets / (0.8 MB). Loaded Objects now: 4267.
Memory consumption went from 158.6 MB to 157.8 MB.
Total: 4.601300 ms (FindLiveObjects: 0.366000 ms CreateObjectMapping: 0.328700 ms MarkObjects: 3.425000 ms  DeleteObjects: 0.480300 ms)

Prepare: number of updated asset objects reloaded= 0
AssetImportParameters requested are different than current active one (requested -> active):
  custom:scripting/monoscript/fileName/ProcessorISX.cs: bf3a519bb3222208e2cc5d3a1133cc5e -> 
  custom:scripting/monoscript/fileName/ProcessorFloatISX.cs: b3a3a6aeac21a1262c99987346bdf46c -> 
  custom:scripting/monoscript/fileName/ControllerDiagramISX.cs: c13927c3b54f9a4370e9f6d54a80cb7a -> 
  custom:container-demuxer-ogg: 62fdf1f143b41e24485cea50d1cbac27 -> 
  custom:scripting/monoscript/fileName/ArrowHighlight.cs: 6b69fd9b902db43220af98f6198e4cb6 -> 
  custom:scripting/monoscript/fileName/ProcessorVector2ISX.cs: 2caa5811b3d1aefb86b582b775e63b2e -> 
  custom:scripting/monoscript/fileName/ControllerDiagramOldInput.cs: fed5fc5015059ab81b2824b8aa793045 -> 
  custom:scripting/monoscript/fileName/InteractionISX.cs: 5255cfb32d800f4693a6d13824bb7835 -> 
  custom:video-decoder-ogg-theora: a1e56fd34408186e4bbccfd4996cb3dc -> 
  custom:scripting/monoscript/fileName/EventsystemPicker.cs: 4f41f445263b59c43846853e24b3071c -> 
  custom:scripting/monoscript/fileName/PenISX.cs: 836db77c22c8edcc1f45803800aadb23 -> 
  custom:framework-win-MediaFoundation: 216162199b28c13a410421893ffa2e32 -> 
  custom:scripting/monoscript/fileName/SkyboxRotator.cs: c122ade9e2d3a916264f47a45be02789 -> 
  custom:scripting/monoscript/fileName/TouchISX.cs: d506537ad677961209c1cee157a00137 -> 
  custom:scripting/monoscript/fileName/ProcessorQuaternionISX.cs: 3d5a6c77db919aa46887442a43b1a7f3 -> 
  custom:scripting/monoscript/fileName/TouchDebugInfo.cs: 5f8009b57f5a4c6dbf9da1b364d9893e -> 
  custom:CustomObjectIndexerAttribute: 72b91833f83ae208fae7752999fa3104 -> 
  custom:scripting/monoscript/fileName/XboxISX.cs: 36918a0add4fb017177e821989d63bfd -> 
  custom:container-demuxer-webm: 4f35f7cbe854078d1ac9338744f61a02 -> 
  custom:scripting/monoscript/fileName/DualShockOldInput.cs: dfba7ddc7e222399b9fdc83393dadbc4 -> 
  custom:scripting/monoscript/fileName/InputUIPicker.cs: e47bb03e30fc66cd37715c22d1056642 -> 
  custom:scripting/monoscript/fileName/GamepadOldInput.cs: 3e090d647a536d297043fed3c41cf87a -> 
  custom:scripting/monoscript/fileName/FPSWalkerEnhanced.cs: 83ef146d82d16e0154acb6ccb6ea706a -> 
  custom:container-muxer-webm: aa71ff27fc2769a1b78a27578f13a17b -> 
  custom:video-decoder-webm-vp8: 9c59270c3fd7afecdb556c50c9e8de78 -> 
  custom:scripting/monoscript/fileName/TouchOldInput.cs: 83dcaecb295173cea8881946eb714ecf -> 
  custom:scripting/monoscript/fileName/InputDebugInfo.cs: ba4052f117a41ddadc1a1218953ff392 -> 
  custom:SearchIndexIgnoredProperties: e643bd26f0fe6173181afceb89e7c659 -> 
  custom:scripting/monoscript/fileName/SkyboxChanger.cs: 27a9374ce1608ea6a343361af3aa7d38 -> 
  custom:AudioImporter_EditorPlatform: d09bf68614088b80899f8185d706f6e7 -> 
  custom:scripting/monoscript/fileName/GamepadISX.cs: 117bd10bb6d7cba00c533bd21a4ac60d -> 
  custom:scripting/monoscript/fileName/TextHighlight.cs: 970cd5642e5662d314ea8ee02359e0d2 -> 
  custom:scripting/monoscript/fileName/KeyboardMouseISX.cs: 3257c72e877920a81aced3b5f72e65d1 -> 
  custom:video-encoder-webm-vp8: eb34c28f22e8b96e1ab97ce403110664 -> 
  custom:scripting/monoscript/fileName/ProcessorVector3ISX.cs: b4eea3c869c5c4af197e563948c77285 -> 
  custom:scripting/monoscript/fileName/SmoothMouseLook.cs: e12fd67feef9d119daa060f2b0fae928 -> 
  custom:audio-decoder-ogg-vorbis: bf7c407c2cedff20999df2af8eb42d56 -> 
  custom:scripting/monoscript/fileName/JoystickISX.cs: 0b0b31e855691ee5b65064271463d742 -> 
  custom:scripting/monoscript/fileName/DualShockISX.cs: 3f76a76778c5c5926b9d573ad0c31840 -> 
  custom:scripting/monoscript/fileName/KeyboardMouseOldInput.cs: 3fa66852c086cb5e476960d9da5f0d1a -> 
  custom:audio-encoder-webm-vorbis: bf7c407c2cedff20999df2af8eb42d56 -> 
  custom:scripting/monoscript/fileName/XboxOldInput.cs: 48a7af08755a496231529c7e7f39b305 -> 
  custom:scripting/precompiled-assembly-types:Assembly-CSharp: 97630f1b4ba30f06464b06e9e71d42ad -> 0a393af2aa9d0f0d2c8428e96586805b
  custom:scripting/precompiled-assembly-types:InputSystem.Samples.Visualizers:  -> 5d491fe0c3488dc3b041579e13f451f1
========================================================================
Received Import Request.
  Time since last request: 37.679512 seconds.
  path: Assets/Scenes
  artifactKey: Guid(5cf70dcf6b3adbd4f8d18a5b134e470d) Importer(815301076,1909f56bfc062723c751e8b465ee728b)
Start importing Assets/Scenes using Guid(5cf70dcf6b3adbd4f8d18a5b134e470d) Importer(815301076,1909f56bfc062723c751e8b465ee728b) [PhysX] Initialized MultithreadedTaskDispatcher with 8 workers.
 -> (artifact id: 'df994e8bf2b289e336267bde7fd4eb63') in 0.007666 seconds
Number of updated asset objects reloaded before import = 0
Number of asset objects unloaded after import = 0
========================================================================
Received Prepare
Caller must complete domain reload
Begin MonoManager ReloadAssembly
- Loaded All Assemblies, in  1.152 seconds
Native extension for WindowsStandalone target not found
Native extension for Android target not found
Mono: successfully reloaded assembly
- Finished resetting the current domain, in 66.369 seconds
Domain Reload Profiling: 67516ms
	BeginReloadAssembly (252ms)
		ExecutionOrderSort (0ms)
		DisableScriptedObjects (10ms)
		BackupInstance (0ms)
		ReleaseScriptingObjects (0ms)
		CreateAndSetChildDomain (42ms)
	RebuildCommonClasses (99ms)
	RebuildNativeTypeToScriptingClass (33ms)
	initialDomainReloadingComplete (62ms)
	LoadAllAssembliesAndSetupDomain (702ms)
		LoadAssemblies (778ms)
		RebuildTransferFunctionScriptingTraits (0ms)
		AnalyzeDomain (71ms)
			TypeCache.Refresh (11ms)
				TypeCache.ScanAssembly (1ms)
			ScanForSourceGeneratedMonoScriptInfo (44ms)
			ResolveRequiredComponents (16ms)
	FinalizeReload (66370ms)
		ReleaseScriptCaches (0ms)
		RebuildScriptCaches (0ms)
		SetupLoadedEditorAssemblies (783ms)
			LogAssemblyErrors (0ms)
			InitializePlatformSupportModulesInManaged (71ms)
			SetLoadedEditorAssemblies (4ms)
			RefreshPlugins (0ms)
			BeforeProcessingInitializeOnLoad (156ms)
			ProcessInitializeOnLoadAttributes (424ms)
			ProcessInitializeOnLoadMethodAttributes (116ms)
			AfterProcessingInitializeOnLoad (12ms)
			EditorAssembliesLoaded (0ms)
		ExecutionOrderSort2 (0ms)
		AwakeInstancesAfterBackupRestoration (30ms)
Refreshing native plugins compatible for Editor in 3.62 ms, found 3 plugins.
Preloading 0 native plugins for Editor in 0.00 ms.
Unloading 3546 Unused Serialized files (Serialized files now loaded: 0)
Unloading 22 unused Assets / (0.8 MB). Loaded Objects now: 4283.
Memory consumption went from 158.5 MB to 157.7 MB.
Total: 5.038300 ms (FindLiveObjects: 0.394000 ms CreateObjectMapping: 0.500700 ms MarkObjects: 3.691800 ms  DeleteObjects: 0.450700 ms)

Prepare: number of updated asset objects reloaded= 0
AssetImportParameters requested are different than current active one (requested -> active):
  custom:scripting/monoscript/fileName/ProcessorISX.cs: bf3a519bb3222208e2cc5d3a1133cc5e -> 
  custom:scripting/monoscript/fileName/ProcessorFloatISX.cs: b3a3a6aeac21a1262c99987346bdf46c -> 
  custom:scripting/monoscript/fileName/ControllerDiagramISX.cs: c13927c3b54f9a4370e9f6d54a80cb7a -> 
  custom:container-demuxer-ogg: 62fdf1f143b41e24485cea50d1cbac27 -> 
  custom:scripting/monoscript/fileName/ArrowHighlight.cs: 6b69fd9b902db43220af98f6198e4cb6 -> 
  custom:scripting/monoscript/fileName/ProcessorVector2ISX.cs: 2caa5811b3d1aefb86b582b775e63b2e -> 
  custom:scripting/monoscript/fileName/ControllerDiagramOldInput.cs: fed5fc5015059ab81b2824b8aa793045 -> 
  custom:scripting/monoscript/fileName/InteractionISX.cs: 5255cfb32d800f4693a6d13824bb7835 -> 
  custom:video-decoder-ogg-theora: a1e56fd34408186e4bbccfd4996cb3dc -> 
  custom:scripting/monoscript/fileName/EventsystemPicker.cs: 4f41f445263b59c43846853e24b3071c -> 
  custom:scripting/monoscript/fileName/PenISX.cs: 836db77c22c8edcc1f45803800aadb23 -> 
  custom:framework-win-MediaFoundation: 216162199b28c13a410421893ffa2e32 -> 
  custom:scripting/monoscript/fileName/SkyboxRotator.cs: c122ade9e2d3a916264f47a45be02789 -> 
  custom:scripting/monoscript/fileName/TouchISX.cs: d506537ad677961209c1cee157a00137 -> 
  custom:scripting/monoscript/fileName/ProcessorQuaternionISX.cs: 3d5a6c77db919aa46887442a43b1a7f3 -> 
  custom:scripting/monoscript/fileName/TouchDebugInfo.cs: 5f8009b57f5a4c6dbf9da1b364d9893e -> 
  custom:CustomObjectIndexerAttribute: 72b91833f83ae208fae7752999fa3104 -> 
  custom:scripting/monoscript/fileName/XboxISX.cs: 36918a0add4fb017177e821989d63bfd -> 
  custom:container-demuxer-webm: 4f35f7cbe854078d1ac9338744f61a02 -> 
  custom:scripting/monoscript/fileName/DualShockOldInput.cs: dfba7ddc7e222399b9fdc83393dadbc4 -> 
  custom:scripting/monoscript/fileName/InputUIPicker.cs: e47bb03e30fc66cd37715c22d1056642 -> 
  custom:scripting/monoscript/fileName/GamepadOldInput.cs: 3e090d647a536d297043fed3c41cf87a -> 
  custom:scripting/monoscript/fileName/FPSWalkerEnhanced.cs: 83ef146d82d16e0154acb6ccb6ea706a -> 
  custom:container-muxer-webm: aa71ff27fc2769a1b78a27578f13a17b -> 
  custom:video-decoder-webm-vp8: 9c59270c3fd7afecdb556c50c9e8de78 -> 
  custom:scripting/monoscript/fileName/TouchOldInput.cs: 83dcaecb295173cea8881946eb714ecf -> 
  custom:scripting/monoscript/fileName/InputDebugInfo.cs: ba4052f117a41ddadc1a1218953ff392 -> 
  custom:SearchIndexIgnoredProperties: e643bd26f0fe6173181afceb89e7c659 -> 
  custom:scripting/monoscript/fileName/SkyboxChanger.cs: 27a9374ce1608ea6a343361af3aa7d38 -> 
  custom:AudioImporter_EditorPlatform: d09bf68614088b80899f8185d706f6e7 -> 
  custom:scripting/monoscript/fileName/GamepadISX.cs: 117bd10bb6d7cba00c533bd21a4ac60d -> 
  custom:scripting/monoscript/fileName/TextHighlight.cs: 970cd5642e5662d314ea8ee02359e0d2 -> 
  custom:scripting/monoscript/fileName/KeyboardMouseISX.cs: 3257c72e877920a81aced3b5f72e65d1 -> 
  custom:video-encoder-webm-vp8: eb34c28f22e8b96e1ab97ce403110664 -> 
  custom:scripting/monoscript/fileName/ProcessorVector3ISX.cs: b4eea3c869c5c4af197e563948c77285 -> 
  custom:scripting/monoscript/fileName/SmoothMouseLook.cs: e12fd67feef9d119daa060f2b0fae928 -> 
  custom:audio-decoder-ogg-vorbis: bf7c407c2cedff20999df2af8eb42d56 -> 
  custom:scripting/monoscript/fileName/JoystickISX.cs: 0b0b31e855691ee5b65064271463d742 -> 
  custom:scripting/monoscript/fileName/DualShockISX.cs: 3f76a76778c5c5926b9d573ad0c31840 -> 
  custom:scripting/monoscript/fileName/KeyboardMouseOldInput.cs: 3fa66852c086cb5e476960d9da5f0d1a -> 
  custom:audio-encoder-webm-vorbis: bf7c407c2cedff20999df2af8eb42d56 -> 
  custom:scripting/monoscript/fileName/XboxOldInput.cs: 48a7af08755a496231529c7e7f39b305 -> 
  custom:scripting/precompiled-assembly-types:Assembly-CSharp: 9f6218ceeb54960c878f5aaf914cc79f -> 0a393af2aa9d0f0d2c8428e96586805b
  custom:scripting/precompiled-assembly-types:InputSystem.Samples.Visualizers:  -> 5d491fe0c3488dc3b041579e13f451f1
========================================================================
Received Prepare
Caller must complete domain reload
Begin MonoManager ReloadAssembly
- Loaded All Assemblies, in  0.644 seconds
Native extension for WindowsStandalone target not found
Native extension for Android target not found
Mono: successfully reloaded assembly
- Finished resetting the current domain, in  1.364 seconds
Domain Reload Profiling: 2004ms
	BeginReloadAssembly (226ms)
		ExecutionOrderSort (0ms)
		DisableScriptedObjects (8ms)
		BackupInstance (0ms)
		ReleaseScriptingObjects (0ms)
		CreateAndSetChildDomain (33ms)
	RebuildCommonClasses (70ms)
	RebuildNativeTypeToScriptingClass (22ms)
	initialDomainReloadingComplete (48ms)
	LoadAllAssembliesAndSetupDomain (273ms)
		LoadAssemblies (360ms)
		RebuildTransferFunctionScriptingTraits (0ms)
		AnalyzeDomain (55ms)
			TypeCache.Refresh (9ms)
				TypeCache.ScanAssembly (1ms)
			ScanForSourceGeneratedMonoScriptInfo (33ms)
			ResolveRequiredComponents (11ms)
	FinalizeReload (1364ms)
		ReleaseScriptCaches (0ms)
		RebuildScriptCaches (0ms)
		SetupLoadedEditorAssemblies (623ms)
			LogAssemblyErrors (0ms)
			InitializePlatformSupportModulesInManaged (25ms)
			SetLoadedEditorAssemblies (3ms)
			RefreshPlugins (0ms)
			BeforeProcessingInitializeOnLoad (85ms)
			ProcessInitializeOnLoadAttributes (392ms)
			ProcessInitializeOnLoadMethodAttributes (104ms)
			AfterProcessingInitializeOnLoad (14ms)
			EditorAssembliesLoaded (0ms)
		ExecutionOrderSort2 (0ms)
		AwakeInstancesAfterBackupRestoration (26ms)
Refreshing native plugins compatible for Editor in 3.04 ms, found 3 plugins.
Preloading 0 native plugins for Editor in 0.00 ms.
Unloading 3544 Unused Serialized files (Serialized files now loaded: 0)
Unloading 24 unused Assets / (0.8 MB). Loaded Objects now: 4297.
Memory consumption went from 158.5 MB to 157.7 MB.
Total: 4.501200 ms (FindLiveObjects: 0.403500 ms CreateObjectMapping: 0.606200 ms MarkObjects: 3.093600 ms  DeleteObjects: 0.397000 ms)

Prepare: number of updated asset objects reloaded= 0
AssetImportParameters requested are different than current active one (requested -> active):
  custom:scripting/monoscript/fileName/ProcessorISX.cs: bf3a519bb3222208e2cc5d3a1133cc5e -> 
  custom:scripting/monoscript/fileName/ProcessorFloatISX.cs: b3a3a6aeac21a1262c99987346bdf46c -> 
  custom:scripting/monoscript/fileName/ControllerDiagramISX.cs: c13927c3b54f9a4370e9f6d54a80cb7a -> 
  custom:container-demuxer-ogg: 62fdf1f143b41e24485cea50d1cbac27 -> 
  custom:scripting/monoscript/fileName/ArrowHighlight.cs: 6b69fd9b902db43220af98f6198e4cb6 -> 
  custom:scripting/monoscript/fileName/ProcessorVector2ISX.cs: 2caa5811b3d1aefb86b582b775e63b2e -> 
  custom:scripting/monoscript/fileName/ControllerDiagramOldInput.cs: fed5fc5015059ab81b2824b8aa793045 -> 
  custom:scripting/monoscript/fileName/InteractionISX.cs: 5255cfb32d800f4693a6d13824bb7835 -> 
  custom:video-decoder-ogg-theora: a1e56fd34408186e4bbccfd4996cb3dc -> 
  custom:scripting/monoscript/fileName/EventsystemPicker.cs: 4f41f445263b59c43846853e24b3071c -> 
  custom:scripting/monoscript/fileName/PenISX.cs: 836db77c22c8edcc1f45803800aadb23 -> 
  custom:framework-win-MediaFoundation: 216162199b28c13a410421893ffa2e32 -> 
  custom:scripting/monoscript/fileName/SkyboxRotator.cs: c122ade9e2d3a916264f47a45be02789 -> 
  custom:scripting/monoscript/fileName/TouchISX.cs: d506537ad677961209c1cee157a00137 -> 
  custom:scripting/monoscript/fileName/ProcessorQuaternionISX.cs: 3d5a6c77db919aa46887442a43b1a7f3 -> 
  custom:scripting/monoscript/fileName/TouchDebugInfo.cs: 5f8009b57f5a4c6dbf9da1b364d9893e -> 
  custom:CustomObjectIndexerAttribute: 72b91833f83ae208fae7752999fa3104 -> 
  custom:scripting/monoscript/fileName/XboxISX.cs: 36918a0add4fb017177e821989d63bfd -> 
  custom:container-demuxer-webm: 4f35f7cbe854078d1ac9338744f61a02 -> 
  custom:scripting/monoscript/fileName/DualShockOldInput.cs: dfba7ddc7e222399b9fdc83393dadbc4 -> 
  custom:scripting/monoscript/fileName/InputUIPicker.cs: e47bb03e30fc66cd37715c22d1056642 -> 
  custom:scripting/monoscript/fileName/GamepadOldInput.cs: 3e090d647a536d297043fed3c41cf87a -> 
  custom:scripting/monoscript/fileName/FPSWalkerEnhanced.cs: 83ef146d82d16e0154acb6ccb6ea706a -> 
  custom:container-muxer-webm: aa71ff27fc2769a1b78a27578f13a17b -> 
  custom:video-decoder-webm-vp8: 9c59270c3fd7afecdb556c50c9e8de78 -> 
  custom:scripting/monoscript/fileName/TouchOldInput.cs: 83dcaecb295173cea8881946eb714ecf -> 
  custom:scripting/monoscript/fileName/InputDebugInfo.cs: ba4052f117a41ddadc1a1218953ff392 -> 
  custom:SearchIndexIgnoredProperties: e643bd26f0fe6173181afceb89e7c659 -> 
  custom:scripting/monoscript/fileName/SkyboxChanger.cs: 27a9374ce1608ea6a343361af3aa7d38 -> 
  custom:AudioImporter_EditorPlatform: d09bf68614088b80899f8185d706f6e7 -> 
  custom:scripting/monoscript/fileName/GamepadISX.cs: 117bd10bb6d7cba00c533bd21a4ac60d -> 
  custom:scripting/monoscript/fileName/TextHighlight.cs: 970cd5642e5662d314ea8ee02359e0d2 -> 
  custom:scripting/monoscript/fileName/KeyboardMouseISX.cs: 3257c72e877920a81aced3b5f72e65d1 -> 
  custom:video-encoder-webm-vp8: eb34c28f22e8b96e1ab97ce403110664 -> 
  custom:scripting/monoscript/fileName/ProcessorVector3ISX.cs: b4eea3c869c5c4af197e563948c77285 -> 
  custom:scripting/monoscript/fileName/SmoothMouseLook.cs: e12fd67feef9d119daa060f2b0fae928 -> 
  custom:audio-decoder-ogg-vorbis: bf7c407c2cedff20999df2af8eb42d56 -> 
  custom:scripting/monoscript/fileName/JoystickISX.cs: 0b0b31e855691ee5b65064271463d742 -> 
  custom:scripting/monoscript/fileName/DualShockISX.cs: 3f76a76778c5c5926b9d573ad0c31840 -> 
  custom:scripting/monoscript/fileName/KeyboardMouseOldInput.cs: 3fa66852c086cb5e476960d9da5f0d1a -> 
  custom:audio-encoder-webm-vorbis: bf7c407c2cedff20999df2af8eb42d56 -> 
  custom:scripting/monoscript/fileName/XboxOldInput.cs: 48a7af08755a496231529c7e7f39b305 -> 
  custom:scripting/precompiled-assembly-types:Assembly-CSharp: e1b33764747dc08ec88103e2444f72d8 -> 0a393af2aa9d0f0d2c8428e96586805b
  custom:scripting/precompiled-assembly-types:InputSystem.Samples.Visualizers:  -> 5d491fe0c3488dc3b041579e13f451f1
========================================================================
Received Prepare
Caller must complete domain reload
Begin MonoManager ReloadAssembly
- Loaded All Assemblies, in  0.610 seconds
Native extension for WindowsStandalone target not found
Native extension for Android target not found
Mono: successfully reloaded assembly
- Finished resetting the current domain, in  1.494 seconds
Domain Reload Profiling: 2101ms
	BeginReloadAssembly (232ms)
		ExecutionOrderSort (0ms)
		DisableScriptedObjects (9ms)
		BackupInstance (0ms)
		ReleaseScriptingObjects (0ms)
		CreateAndSetChildDomain (47ms)
	RebuildCommonClasses (54ms)
	RebuildNativeTypeToScriptingClass (24ms)
	initialDomainReloadingComplete (46ms)
	LoadAllAssembliesAndSetupDomain (251ms)
		LoadAssemblies (357ms)
		RebuildTransferFunctionScriptingTraits (0ms)
		AnalyzeDomain (25ms)
			TypeCache.Refresh (8ms)
				TypeCache.ScanAssembly (0ms)
			ScanForSourceGeneratedMonoScriptInfo (0ms)
			ResolveRequiredComponents (16ms)
	FinalizeReload (1495ms)
		ReleaseScriptCaches (0ms)
		RebuildScriptCaches (0ms)
		SetupLoadedEditorAssemblies (636ms)
			LogAssemblyErrors (0ms)
			InitializePlatformSupportModulesInManaged (29ms)
			SetLoadedEditorAssemblies (4ms)
			RefreshPlugins (0ms)
			BeforeProcessingInitializeOnLoad (85ms)
			ProcessInitializeOnLoadAttributes (370ms)
			ProcessInitializeOnLoadMethodAttributes (132ms)
			AfterProcessingInitializeOnLoad (14ms)
			EditorAssembliesLoaded (0ms)
		ExecutionOrderSort2 (0ms)
		AwakeInstancesAfterBackupRestoration (33ms)
Refreshing native plugins compatible for Editor in 3.38 ms, found 3 plugins.
Preloading 0 native plugins for Editor in 0.00 ms.
Unloading 3544 Unused Serialized files (Serialized files now loaded: 0)
Unloading 22 unused Assets / (0.8 MB). Loaded Objects now: 4313.
Memory consumption went from 158.5 MB to 157.7 MB.
Total: 4.895900 ms (FindLiveObjects: 0.346300 ms CreateObjectMapping: 0.302200 ms MarkObjects: 3.874800 ms  DeleteObjects: 0.371600 ms)

Prepare: number of updated asset objects reloaded= 0
AssetImportParameters requested are different than current active one (requested -> active):
  custom:scripting/monoscript/fileName/ProcessorISX.cs: bf3a519bb3222208e2cc5d3a1133cc5e -> 
  custom:scripting/monoscript/fileName/ProcessorFloatISX.cs: b3a3a6aeac21a1262c99987346bdf46c -> 
  custom:scripting/monoscript/fileName/ControllerDiagramISX.cs: c13927c3b54f9a4370e9f6d54a80cb7a -> 
  custom:container-demuxer-ogg: 62fdf1f143b41e24485cea50d1cbac27 -> 
  custom:scripting/monoscript/fileName/ArrowHighlight.cs: 6b69fd9b902db43220af98f6198e4cb6 -> 
  custom:scripting/monoscript/fileName/ProcessorVector2ISX.cs: 2caa5811b3d1aefb86b582b775e63b2e -> 
  custom:scripting/monoscript/fileName/ControllerDiagramOldInput.cs: fed5fc5015059ab81b2824b8aa793045 -> 
  custom:scripting/monoscript/fileName/InteractionISX.cs: 5255cfb32d800f4693a6d13824bb7835 -> 
  custom:video-decoder-ogg-theora: a1e56fd34408186e4bbccfd4996cb3dc -> 
  custom:scripting/monoscript/fileName/EventsystemPicker.cs: 4f41f445263b59c43846853e24b3071c -> 
  custom:scripting/monoscript/fileName/PenISX.cs: 836db77c22c8edcc1f45803800aadb23 -> 
  custom:framework-win-MediaFoundation: 216162199b28c13a410421893ffa2e32 -> 
  custom:scripting/monoscript/fileName/SkyboxRotator.cs: c122ade9e2d3a916264f47a45be02789 -> 
  custom:scripting/monoscript/fileName/TouchISX.cs: d506537ad677961209c1cee157a00137 -> 
  custom:scripting/monoscript/fileName/ProcessorQuaternionISX.cs: 3d5a6c77db919aa46887442a43b1a7f3 -> 
  custom:scripting/monoscript/fileName/TouchDebugInfo.cs: 5f8009b57f5a4c6dbf9da1b364d9893e -> 
  custom:CustomObjectIndexerAttribute: 72b91833f83ae208fae7752999fa3104 -> 
  custom:scripting/monoscript/fileName/XboxISX.cs: 36918a0add4fb017177e821989d63bfd -> 
  custom:container-demuxer-webm: 4f35f7cbe854078d1ac9338744f61a02 -> 
  custom:scripting/monoscript/fileName/DualShockOldInput.cs: dfba7ddc7e222399b9fdc83393dadbc4 -> 
  custom:scripting/monoscript/fileName/InputUIPicker.cs: e47bb03e30fc66cd37715c22d1056642 -> 
  custom:scripting/monoscript/fileName/GamepadOldInput.cs: 3e090d647a536d297043fed3c41cf87a -> 
  custom:scripting/monoscript/fileName/FPSWalkerEnhanced.cs: 83ef146d82d16e0154acb6ccb6ea706a -> 
  custom:container-muxer-webm: aa71ff27fc2769a1b78a27578f13a17b -> 
  custom:video-decoder-webm-vp8: 9c59270c3fd7afecdb556c50c9e8de78 -> 
  custom:scripting/monoscript/fileName/TouchOldInput.cs: 83dcaecb295173cea8881946eb714ecf -> 
  custom:scripting/monoscript/fileName/InputDebugInfo.cs: ba4052f117a41ddadc1a1218953ff392 -> 
  custom:SearchIndexIgnoredProperties: e643bd26f0fe6173181afceb89e7c659 -> 
  custom:scripting/monoscript/fileName/SkyboxChanger.cs: 27a9374ce1608ea6a343361af3aa7d38 -> 
  custom:AudioImporter_EditorPlatform: d09bf68614088b80899f8185d706f6e7 -> 
  custom:scripting/monoscript/fileName/GamepadISX.cs: 117bd10bb6d7cba00c533bd21a4ac60d -> 
  custom:scripting/monoscript/fileName/TextHighlight.cs: 970cd5642e5662d314ea8ee02359e0d2 -> 
  custom:scripting/monoscript/fileName/KeyboardMouseISX.cs: 3257c72e877920a81aced3b5f72e65d1 -> 
  custom:video-encoder-webm-vp8: eb34c28f22e8b96e1ab97ce403110664 -> 
  custom:scripting/monoscript/fileName/ProcessorVector3ISX.cs: b4eea3c869c5c4af197e563948c77285 -> 
  custom:scripting/monoscript/fileName/SmoothMouseLook.cs: e12fd67feef9d119daa060f2b0fae928 -> 
  custom:audio-decoder-ogg-vorbis: bf7c407c2cedff20999df2af8eb42d56 -> 
  custom:scripting/monoscript/fileName/JoystickISX.cs: 0b0b31e855691ee5b65064271463d742 -> 
  custom:scripting/monoscript/fileName/DualShockISX.cs: 3f76a76778c5c5926b9d573ad0c31840 -> 
  custom:scripting/monoscript/fileName/KeyboardMouseOldInput.cs: 3fa66852c086cb5e476960d9da5f0d1a -> 
  custom:audio-encoder-webm-vorbis: bf7c407c2cedff20999df2af8eb42d56 -> 
  custom:scripting/monoscript/fileName/XboxOldInput.cs: 48a7af08755a496231529c7e7f39b305 -> 
  custom:scripting/precompiled-assembly-types:Assembly-CSharp: 0bf02217e5e746b251862dbb12af7394 -> 0a393af2aa9d0f0d2c8428e96586805b
  custom:scripting/precompiled-assembly-types:InputSystem.Samples.Visualizers:  -> 5d491fe0c3488dc3b041579e13f451f1
========================================================================
Received Import Request.
  Time since last request: 954.321566 seconds.
  path: Assets/Scripts/ScriptableObjects/TileArraySO.cs
  artifactKey: Guid(7dd64cfb784ccbb49915c92138d79caf) Importer(815301076,1909f56bfc062723c751e8b465ee728b)
Start importing Assets/Scripts/ScriptableObjects/TileArraySO.cs using Guid(7dd64cfb784ccbb49915c92138d79caf) Importer(815301076,1909f56bfc062723c751e8b465ee728b) [PhysX] Initialized MultithreadedTaskDispatcher with 8 workers.
 -> (artifact id: 'a629f2d636488ca9492e48dabb167343') in 0.007637 seconds
Number of updated asset objects reloaded before import = 0
Number of asset objects unloaded after import = 0
========================================================================
Received Import Request.
  Time since last request: 0.000055 seconds.
  path: Assets/Scripts/ScriptableObjects
  artifactKey: Guid(45955acf7bf0cbd44bcc9950d95088c2) Importer(815301076,1909f56bfc062723c751e8b465ee728b)
Start importing Assets/Scripts/ScriptableObjects using Guid(45955acf7bf0cbd44bcc9950d95088c2) Importer(815301076,1909f56bfc062723c751e8b465ee728b) [PhysX] Initialized MultithreadedTaskDispatcher with 8 workers.
 -> (artifact id: '14f2543487ff4715cfd47e4dd72bd6f3') in 0.000728 seconds
Number of updated asset objects reloaded before import = 0
Number of asset objects unloaded after import = 0
========================================================================
Received Prepare
Caller must complete domain reload
Begin MonoManager ReloadAssembly
- Loaded All Assemblies, in  0.609 seconds
Native extension for WindowsStandalone target not found
Native extension for Android target not found
Mono: successfully reloaded assembly
- Finished resetting the current domain, in  1.394 seconds
Domain Reload Profiling: 2001ms
	BeginReloadAssembly (254ms)
		ExecutionOrderSort (0ms)
		DisableScriptedObjects (8ms)
		BackupInstance (0ms)
		ReleaseScriptingObjects (0ms)
		CreateAndSetChildDomain (48ms)
	RebuildCommonClasses (60ms)
	RebuildNativeTypeToScriptingClass (23ms)
	initialDomainReloadingComplete (44ms)
	LoadAllAssembliesAndSetupDomain (225ms)
		LoadAssemblies (356ms)
		RebuildTransferFunctionScriptingTraits (0ms)
		AnalyzeDomain (19ms)
			TypeCache.Refresh (6ms)
				TypeCache.ScanAssembly (0ms)
			ScanForSourceGeneratedMonoScriptInfo (0ms)
			ResolveRequiredComponents (12ms)
	FinalizeReload (1395ms)
		ReleaseScriptCaches (0ms)
		RebuildScriptCaches (0ms)
		SetupLoadedEditorAssemblies (587ms)
			LogAssemblyErrors (0ms)
			InitializePlatformSupportModulesInManaged (24ms)
			SetLoadedEditorAssemblies (4ms)
			RefreshPlugins (0ms)
			BeforeProcessingInitializeOnLoad (84ms)
			ProcessInitializeOnLoadAttributes (356ms)
			ProcessInitializeOnLoadMethodAttributes (106ms)
			AfterProcessingInitializeOnLoad (12ms)
			EditorAssembliesLoaded (0ms)
		ExecutionOrderSort2 (0ms)
		AwakeInstancesAfterBackupRestoration (28ms)
Refreshing native plugins compatible for Editor in 3.96 ms, found 3 plugins.
Preloading 0 native plugins for Editor in 0.00 ms.
Unloading 3544 Unused Serialized files (Serialized files now loaded: 0)
Unloading 22 unused Assets / (0.8 MB). Loaded Objects now: 4329.
Memory consumption went from 158.5 MB to 157.7 MB.
Total: 5.646100 ms (FindLiveObjects: 0.384400 ms CreateObjectMapping: 0.360700 ms MarkObjects: 4.514900 ms  DeleteObjects: 0.385100 ms)

Prepare: number of updated asset objects reloaded= 0
AssetImportParameters requested are different than current active one (requested -> active):
  custom:scripting/monoscript/fileName/ProcessorISX.cs: bf3a519bb3222208e2cc5d3a1133cc5e -> 
  custom:scripting/monoscript/fileName/ProcessorFloatISX.cs: b3a3a6aeac21a1262c99987346bdf46c -> 
  custom:scripting/monoscript/fileName/ControllerDiagramISX.cs: c13927c3b54f9a4370e9f6d54a80cb7a -> 
  custom:container-demuxer-ogg: 62fdf1f143b41e24485cea50d1cbac27 -> 
  custom:scripting/monoscript/fileName/ArrowHighlight.cs: 6b69fd9b902db43220af98f6198e4cb6 -> 
  custom:scripting/monoscript/fileName/ProcessorVector2ISX.cs: 2caa5811b3d1aefb86b582b775e63b2e -> 
  custom:scripting/monoscript/fileName/ControllerDiagramOldInput.cs: fed5fc5015059ab81b2824b8aa793045 -> 
  custom:scripting/monoscript/fileName/InteractionISX.cs: 5255cfb32d800f4693a6d13824bb7835 -> 
  custom:video-decoder-ogg-theora: a1e56fd34408186e4bbccfd4996cb3dc -> 
  custom:scripting/monoscript/fileName/EventsystemPicker.cs: 4f41f445263b59c43846853e24b3071c -> 
  custom:scripting/monoscript/fileName/PenISX.cs: 836db77c22c8edcc1f45803800aadb23 -> 
  custom:framework-win-MediaFoundation: 216162199b28c13a410421893ffa2e32 -> 
  custom:scripting/monoscript/fileName/SkyboxRotator.cs: c122ade9e2d3a916264f47a45be02789 -> 
  custom:scripting/monoscript/fileName/TouchISX.cs: d506537ad677961209c1cee157a00137 -> 
  custom:scripting/monoscript/fileName/ProcessorQuaternionISX.cs: 3d5a6c77db919aa46887442a43b1a7f3 -> 
  custom:scripting/monoscript/fileName/TouchDebugInfo.cs: 5f8009b57f5a4c6dbf9da1b364d9893e -> 
  custom:CustomObjectIndexerAttribute: 72b91833f83ae208fae7752999fa3104 -> 
  custom:scripting/monoscript/fileName/XboxISX.cs: 36918a0add4fb017177e821989d63bfd -> 
  custom:container-demuxer-webm: 4f35f7cbe854078d1ac9338744f61a02 -> 
  custom:scripting/monoscript/fileName/DualShockOldInput.cs: dfba7ddc7e222399b9fdc83393dadbc4 -> 
  custom:scripting/monoscript/fileName/InputUIPicker.cs: e47bb03e30fc66cd37715c22d1056642 -> 
  custom:scripting/monoscript/fileName/GamepadOldInput.cs: 3e090d647a536d297043fed3c41cf87a -> 
  custom:scripting/monoscript/fileName/FPSWalkerEnhanced.cs: 83ef146d82d16e0154acb6ccb6ea706a -> 
  custom:container-muxer-webm: aa71ff27fc2769a1b78a27578f13a17b -> 
  custom:video-decoder-webm-vp8: 9c59270c3fd7afecdb556c50c9e8de78 -> 
  custom:scripting/monoscript/fileName/TouchOldInput.cs: 83dcaecb295173cea8881946eb714ecf -> 
  custom:scripting/monoscript/fileName/InputDebugInfo.cs: ba4052f117a41ddadc1a1218953ff392 -> 
  custom:SearchIndexIgnoredProperties: e643bd26f0fe6173181afceb89e7c659 -> 
  custom:scripting/monoscript/fileName/SkyboxChanger.cs: 27a9374ce1608ea6a343361af3aa7d38 -> 
  custom:AudioImporter_EditorPlatform: d09bf68614088b80899f8185d706f6e7 -> 
  custom:scripting/monoscript/fileName/GamepadISX.cs: 117bd10bb6d7cba00c533bd21a4ac60d -> 
  custom:scripting/monoscript/fileName/TextHighlight.cs: 970cd5642e5662d314ea8ee02359e0d2 -> 
  custom:scripting/monoscript/fileName/KeyboardMouseISX.cs: 3257c72e877920a81aced3b5f72e65d1 -> 
  custom:video-encoder-webm-vp8: eb34c28f22e8b96e1ab97ce403110664 -> 
  custom:scripting/monoscript/fileName/ProcessorVector3ISX.cs: b4eea3c869c5c4af197e563948c77285 -> 
  custom:scripting/monoscript/fileName/SmoothMouseLook.cs: e12fd67feef9d119daa060f2b0fae928 -> 
  custom:audio-decoder-ogg-vorbis: bf7c407c2cedff20999df2af8eb42d56 -> 
  custom:scripting/monoscript/fileName/JoystickISX.cs: 0b0b31e855691ee5b65064271463d742 -> 
  custom:scripting/monoscript/fileName/DualShockISX.cs: 3f76a76778c5c5926b9d573ad0c31840 -> 
  custom:scripting/monoscript/fileName/KeyboardMouseOldInput.cs: 3fa66852c086cb5e476960d9da5f0d1a -> 
  custom:audio-encoder-webm-vorbis: bf7c407c2cedff20999df2af8eb42d56 -> 
  custom:scripting/monoscript/fileName/XboxOldInput.cs: 48a7af08755a496231529c7e7f39b305 -> 
  custom:scripting/precompiled-assembly-types:Assembly-CSharp: 0bf02217e5e746b251862dbb12af7394 -> 0a393af2aa9d0f0d2c8428e96586805b
  custom:scripting/precompiled-assembly-types:InputSystem.Samples.Visualizers:  -> 5d491fe0c3488dc3b041579e13f451f1
========================================================================
Received Prepare
Caller must complete domain reload
Begin MonoManager ReloadAssembly
- Loaded All Assemblies, in  0.553 seconds
Native extension for WindowsStandalone target not found
Native extension for Android target not found
Mono: successfully reloaded assembly
- Finished resetting the current domain, in  1.438 seconds
Domain Reload Profiling: 1988ms
	BeginReloadAssembly (216ms)
		ExecutionOrderSort (0ms)
		DisableScriptedObjects (6ms)
		BackupInstance (0ms)
		ReleaseScriptingObjects (0ms)
		CreateAndSetChildDomain (46ms)
	RebuildCommonClasses (47ms)
	RebuildNativeTypeToScriptingClass (22ms)
	initialDomainReloadingComplete (44ms)
	LoadAllAssembliesAndSetupDomain (221ms)
		LoadAssemblies (315ms)
		RebuildTransferFunctionScriptingTraits (0ms)
		AnalyzeDomain (21ms)
			TypeCache.Refresh (7ms)
				TypeCache.ScanAssembly (0ms)
			ScanForSourceGeneratedMonoScriptInfo (0ms)
			ResolveRequiredComponents (13ms)
	FinalizeReload (1438ms)
		ReleaseScriptCaches (0ms)
		RebuildScriptCaches (0ms)
		SetupLoadedEditorAssemblies (646ms)
			LogAssemblyErrors (0ms)
			InitializePlatformSupportModulesInManaged (30ms)
			SetLoadedEditorAssemblies (6ms)
			RefreshPlugins (0ms)
			BeforeProcessingInitializeOnLoad (89ms)
			ProcessInitializeOnLoadAttributes (402ms)
			ProcessInitializeOnLoadMethodAttributes (106ms)
			AfterProcessingInitializeOnLoad (13ms)
			EditorAssembliesLoaded (0ms)
		ExecutionOrderSort2 (0ms)
		AwakeInstancesAfterBackupRestoration (31ms)
Refreshing native plugins compatible for Editor in 4.53 ms, found 3 plugins.
Preloading 0 native plugins for Editor in 0.00 ms.
Unloading 3544 Unused Serialized files (Serialized files now loaded: 0)
Unloading 22 unused Assets / (0.8 MB). Loaded Objects now: 4345.
Memory consumption went from 158.5 MB to 157.7 MB.
Total: 5.931500 ms (FindLiveObjects: 0.378700 ms CreateObjectMapping: 0.350900 ms MarkObjects: 4.664000 ms  DeleteObjects: 0.535900 ms)

Prepare: number of updated asset objects reloaded= 0
AssetImportParameters requested are different than current active one (requested -> active):
  custom:scripting/monoscript/fileName/ProcessorISX.cs: bf3a519bb3222208e2cc5d3a1133cc5e -> 
  custom:scripting/monoscript/fileName/ProcessorFloatISX.cs: b3a3a6aeac21a1262c99987346bdf46c -> 
  custom:scripting/monoscript/fileName/ControllerDiagramISX.cs: c13927c3b54f9a4370e9f6d54a80cb7a -> 
  custom:container-demuxer-ogg: 62fdf1f143b41e24485cea50d1cbac27 -> 
  custom:scripting/monoscript/fileName/ArrowHighlight.cs: 6b69fd9b902db43220af98f6198e4cb6 -> 
  custom:scripting/monoscript/fileName/ProcessorVector2ISX.cs: 2caa5811b3d1aefb86b582b775e63b2e -> 
  custom:scripting/monoscript/fileName/ControllerDiagramOldInput.cs: fed5fc5015059ab81b2824b8aa793045 -> 
  custom:scripting/monoscript/fileName/InteractionISX.cs: 5255cfb32d800f4693a6d13824bb7835 -> 
  custom:video-decoder-ogg-theora: a1e56fd34408186e4bbccfd4996cb3dc -> 
  custom:scripting/monoscript/fileName/EventsystemPicker.cs: 4f41f445263b59c43846853e24b3071c -> 
  custom:scripting/monoscript/fileName/PenISX.cs: 836db77c22c8edcc1f45803800aadb23 -> 
  custom:framework-win-MediaFoundation: 216162199b28c13a410421893ffa2e32 -> 
  custom:scripting/monoscript/fileName/SkyboxRotator.cs: c122ade9e2d3a916264f47a45be02789 -> 
  custom:scripting/monoscript/fileName/TouchISX.cs: d506537ad677961209c1cee157a00137 -> 
  custom:scripting/monoscript/fileName/ProcessorQuaternionISX.cs: 3d5a6c77db919aa46887442a43b1a7f3 -> 
  custom:scripting/monoscript/fileName/TouchDebugInfo.cs: 5f8009b57f5a4c6dbf9da1b364d9893e -> 
  custom:CustomObjectIndexerAttribute: 72b91833f83ae208fae7752999fa3104 -> 
  custom:scripting/monoscript/fileName/XboxISX.cs: 36918a0add4fb017177e821989d63bfd -> 
  custom:container-demuxer-webm: 4f35f7cbe854078d1ac9338744f61a02 -> 
  custom:scripting/monoscript/fileName/DualShockOldInput.cs: dfba7ddc7e222399b9fdc83393dadbc4 -> 
  custom:scripting/monoscript/fileName/InputUIPicker.cs: e47bb03e30fc66cd37715c22d1056642 -> 
  custom:scripting/monoscript/fileName/GamepadOldInput.cs: 3e090d647a536d297043fed3c41cf87a -> 
  custom:scripting/monoscript/fileName/FPSWalkerEnhanced.cs: 83ef146d82d16e0154acb6ccb6ea706a -> 
  custom:container-muxer-webm: aa71ff27fc2769a1b78a27578f13a17b -> 
  custom:video-decoder-webm-vp8: 9c59270c3fd7afecdb556c50c9e8de78 -> 
  custom:scripting/monoscript/fileName/TouchOldInput.cs: 83dcaecb295173cea8881946eb714ecf -> 
  custom:scripting/monoscript/fileName/InputDebugInfo.cs: ba4052f117a41ddadc1a1218953ff392 -> 
  custom:SearchIndexIgnoredProperties: e643bd26f0fe6173181afceb89e7c659 -> 
  custom:scripting/monoscript/fileName/SkyboxChanger.cs: 27a9374ce1608ea6a343361af3aa7d38 -> 
  custom:AudioImporter_EditorPlatform: d09bf68614088b80899f8185d706f6e7 -> 
  custom:scripting/monoscript/fileName/GamepadISX.cs: 117bd10bb6d7cba00c533bd21a4ac60d -> 
  custom:scripting/monoscript/fileName/TextHighlight.cs: 970cd5642e5662d314ea8ee02359e0d2 -> 
  custom:scripting/monoscript/fileName/KeyboardMouseISX.cs: 3257c72e877920a81aced3b5f72e65d1 -> 
  custom:video-encoder-webm-vp8: eb34c28f22e8b96e1ab97ce403110664 -> 
  custom:scripting/monoscript/fileName/ProcessorVector3ISX.cs: b4eea3c869c5c4af197e563948c77285 -> 
  custom:scripting/monoscript/fileName/SmoothMouseLook.cs: e12fd67feef9d119daa060f2b0fae928 -> 
  custom:audio-decoder-ogg-vorbis: bf7c407c2cedff20999df2af8eb42d56 -> 
  custom:scripting/monoscript/fileName/JoystickISX.cs: 0b0b31e855691ee5b65064271463d742 -> 
  custom:scripting/monoscript/fileName/DualShockISX.cs: 3f76a76778c5c5926b9d573ad0c31840 -> 
  custom:scripting/monoscript/fileName/KeyboardMouseOldInput.cs: 3fa66852c086cb5e476960d9da5f0d1a -> 
  custom:audio-encoder-webm-vorbis: bf7c407c2cedff20999df2af8eb42d56 -> 
  custom:scripting/monoscript/fileName/XboxOldInput.cs: 48a7af08755a496231529c7e7f39b305 -> 
  custom:scripting/precompiled-assembly-types:Assembly-CSharp: 0bf02217e5e746b251862dbb12af7394 -> 0a393af2aa9d0f0d2c8428e96586805b
  custom:scripting/precompiled-assembly-types:InputSystem.Samples.Visualizers:  -> 5d491fe0c3488dc3b041579e13f451f1
========================================================================
Received Prepare
Caller must complete domain reload
Begin MonoManager ReloadAssembly
- Loaded All Assemblies, in  0.610 seconds
Native extension for WindowsStandalone target not found
Native extension for Android target not found
Mono: successfully reloaded assembly
- Finished resetting the current domain, in  1.291 seconds
Domain Reload Profiling: 1897ms
	BeginReloadAssembly (220ms)
		ExecutionOrderSort (0ms)
		DisableScriptedObjects (7ms)
		BackupInstance (0ms)
		ReleaseScriptingObjects (0ms)
		CreateAndSetChildDomain (39ms)
	RebuildCommonClasses (50ms)
	RebuildNativeTypeToScriptingClass (19ms)
	initialDomainReloadingComplete (43ms)
	LoadAllAssembliesAndSetupDomain (273ms)
		LoadAssemblies (340ms)
		RebuildTransferFunctionScriptingTraits (0ms)
		AnalyzeDomain (67ms)
			TypeCache.Refresh (10ms)
				TypeCache.ScanAssembly (1ms)
			ScanForSourceGeneratedMonoScriptInfo (44ms)
			ResolveRequiredComponents (12ms)
	FinalizeReload (1292ms)
		ReleaseScriptCaches (0ms)
		RebuildScriptCaches (0ms)
		SetupLoadedEditorAssemblies (577ms)
			LogAssemblyErrors (0ms)
			InitializePlatformSupportModulesInManaged (31ms)
			SetLoadedEditorAssemblies (4ms)
			RefreshPlugins (0ms)
			BeforeProcessingInitializeOnLoad (87ms)
			ProcessInitializeOnLoadAttributes (343ms)
			ProcessInitializeOnLoadMethodAttributes (101ms)
			AfterProcessingInitializeOnLoad (12ms)
			EditorAssembliesLoaded (0ms)
		ExecutionOrderSort2 (0ms)
		AwakeInstancesAfterBackupRestoration (28ms)
Refreshing native plugins compatible for Editor in 2.65 ms, found 0 plugins.
Preloading 0 native plugins for Editor in 0.00 ms.
Unloading 3397 Unused Serialized files (Serialized files now loaded: 0)
Unloading 26 unused Assets / (0.8 MB). Loaded Objects now: 4357.
Memory consumption went from 156.0 MB to 155.2 MB.
Total: 4.165700 ms (FindLiveObjects: 0.358700 ms CreateObjectMapping: 0.319900 ms MarkObjects: 3.109600 ms  DeleteObjects: 0.376400 ms)

Prepare: number of updated asset objects reloaded= 8
AssetImportParameters requested are different than current active one (requested -> active):
  custom:scripting/monoscript/fileName/ProcessorISX.cs: bf3a519bb3222208e2cc5d3a1133cc5e -> 
  custom:scripting/monoscript/fileName/ProcessorFloatISX.cs: b3a3a6aeac21a1262c99987346bdf46c -> 
  custom:scripting/monoscript/fileName/ControllerDiagramISX.cs: c13927c3b54f9a4370e9f6d54a80cb7a -> 
  custom:container-demuxer-ogg: 62fdf1f143b41e24485cea50d1cbac27 -> 
  custom:scripting/monoscript/fileName/ArrowHighlight.cs: 6b69fd9b902db43220af98f6198e4cb6 -> 
  custom:scripting/monoscript/fileName/ProcessorVector2ISX.cs: 2caa5811b3d1aefb86b582b775e63b2e -> 
  custom:scripting/monoscript/fileName/ControllerDiagramOldInput.cs: fed5fc5015059ab81b2824b8aa793045 -> 
  custom:scripting/monoscript/fileName/InteractionISX.cs: 5255cfb32d800f4693a6d13824bb7835 -> 
  custom:video-decoder-ogg-theora: a1e56fd34408186e4bbccfd4996cb3dc -> 
  custom:scripting/monoscript/fileName/EventsystemPicker.cs: 4f41f445263b59c43846853e24b3071c -> 
  custom:scripting/monoscript/fileName/PenISX.cs: 836db77c22c8edcc1f45803800aadb23 -> 
  custom:framework-win-MediaFoundation: 216162199b28c13a410421893ffa2e32 -> 
  custom:scripting/monoscript/fileName/SkyboxRotator.cs: c122ade9e2d3a916264f47a45be02789 -> 
  custom:scripting/monoscript/fileName/TouchISX.cs: d506537ad677961209c1cee157a00137 -> 
  custom:scripting/monoscript/fileName/ProcessorQuaternionISX.cs: 3d5a6c77db919aa46887442a43b1a7f3 -> 
  custom:scripting/monoscript/fileName/TouchDebugInfo.cs: 5f8009b57f5a4c6dbf9da1b364d9893e -> 
  custom:CustomObjectIndexerAttribute: 72b91833f83ae208fae7752999fa3104 -> 
  custom:scripting/monoscript/fileName/XboxISX.cs: 36918a0add4fb017177e821989d63bfd -> 
  custom:container-demuxer-webm: 4f35f7cbe854078d1ac9338744f61a02 -> 
  custom:scripting/monoscript/fileName/DualShockOldInput.cs: dfba7ddc7e222399b9fdc83393dadbc4 -> 
  custom:scripting/monoscript/fileName/InputUIPicker.cs: e47bb03e30fc66cd37715c22d1056642 -> 
  custom:scripting/monoscript/fileName/GamepadOldInput.cs: 3e090d647a536d297043fed3c41cf87a -> 
  custom:scripting/monoscript/fileName/FPSWalkerEnhanced.cs: 83ef146d82d16e0154acb6ccb6ea706a -> 
  custom:container-muxer-webm: aa71ff27fc2769a1b78a27578f13a17b -> 
  custom:video-decoder-webm-vp8: 9c59270c3fd7afecdb556c50c9e8de78 -> 
  custom:scripting/monoscript/fileName/TouchOldInput.cs: 83dcaecb295173cea8881946eb714ecf -> 
  custom:scripting/monoscript/fileName/InputDebugInfo.cs: ba4052f117a41ddadc1a1218953ff392 -> 
  custom:SearchIndexIgnoredProperties: e643bd26f0fe6173181afceb89e7c659 -> 
  custom:scripting/monoscript/fileName/SkyboxChanger.cs: 27a9374ce1608ea6a343361af3aa7d38 -> 
  custom:AudioImporter_EditorPlatform: d09bf68614088b80899f8185d706f6e7 -> 
  custom:scripting/monoscript/fileName/GamepadISX.cs: 117bd10bb6d7cba00c533bd21a4ac60d -> 
  custom:scripting/monoscript/fileName/TextHighlight.cs: 970cd5642e5662d314ea8ee02359e0d2 -> 
  custom:scripting/monoscript/fileName/KeyboardMouseISX.cs: 3257c72e877920a81aced3b5f72e65d1 -> 
  custom:video-encoder-webm-vp8: eb34c28f22e8b96e1ab97ce403110664 -> 
  custom:scripting/monoscript/fileName/ProcessorVector3ISX.cs: b4eea3c869c5c4af197e563948c77285 -> 
  custom:scripting/monoscript/fileName/SmoothMouseLook.cs: e12fd67feef9d119daa060f2b0fae928 -> 
  custom:audio-decoder-ogg-vorbis: bf7c407c2cedff20999df2af8eb42d56 -> 
  custom:scripting/monoscript/fileName/JoystickISX.cs: 0b0b31e855691ee5b65064271463d742 -> 
  custom:scripting/monoscript/fileName/DualShockISX.cs: 3f76a76778c5c5926b9d573ad0c31840 -> 
  custom:scripting/monoscript/fileName/KeyboardMouseOldInput.cs: 3fa66852c086cb5e476960d9da5f0d1a -> 
  custom:audio-encoder-webm-vorbis: bf7c407c2cedff20999df2af8eb42d56 -> 
  custom:scripting/monoscript/fileName/XboxOldInput.cs: 48a7af08755a496231529c7e7f39b305 -> 
  custom:scripting/precompiled-assembly-types:Assembly-CSharp: 0bf02217e5e746b251862dbb12af7394 -> 0a393af2aa9d0f0d2c8428e96586805b
  custom:scripting/precompiled-assembly-types:Unity.Recorder:  -> bd5378c99f6216e06dd6e2c2a60a86a4
  custom:scripting/precompiled-assembly-types:InputSystem.Samples.Visualizers:  -> 5d491fe0c3488dc3b041579e13f451f1
  custom:scripting/precompiled-assembly-types:Unity.Recorder.Base:  -> 3fec19fdf10e3518c41e41a932f2042f
  custom:scripting/precompiled-assembly-types:Unity.Recorder.Editor:  -> cd22b836ef1ca10e7d8c91c9be46b4bf
========================================================================
Received Prepare
Caller must complete domain reload
Begin MonoManager ReloadAssembly
- Loaded All Assemblies, in  0.627 seconds
Native extension for WindowsStandalone target not found
Native extension for Android target not found
Mono: successfully reloaded assembly
- Finished resetting the current domain, in  1.252 seconds
Domain Reload Profiling: 1876ms
	BeginReloadAssembly (255ms)
		ExecutionOrderSort (0ms)
		DisableScriptedObjects (10ms)
		BackupInstance (0ms)
		ReleaseScriptingObjects (0ms)
		CreateAndSetChildDomain (51ms)
	RebuildCommonClasses (53ms)
	RebuildNativeTypeToScriptingClass (21ms)
	initialDomainReloadingComplete (43ms)
	LoadAllAssembliesAndSetupDomain (253ms)
		LoadAssemblies (329ms)
		RebuildTransferFunctionScriptingTraits (0ms)
		AnalyzeDomain (68ms)
			TypeCache.Refresh (10ms)
				TypeCache.ScanAssembly (1ms)
			ScanForSourceGeneratedMonoScriptInfo (43ms)
			ResolveRequiredComponents (14ms)
	FinalizeReload (1252ms)
		ReleaseScriptCaches (0ms)
		RebuildScriptCaches (0ms)
		SetupLoadedEditorAssemblies (581ms)
			LogAssemblyErrors (0ms)
			InitializePlatformSupportModulesInManaged (28ms)
			SetLoadedEditorAssemblies (4ms)
			RefreshPlugins (0ms)
			BeforeProcessingInitializeOnLoad (84ms)
			ProcessInitializeOnLoadAttributes (324ms)
			ProcessInitializeOnLoadMethodAttributes (129ms)
			AfterProcessingInitializeOnLoad (12ms)
			EditorAssembliesLoaded (0ms)
		ExecutionOrderSort2 (0ms)
		AwakeInstancesAfterBackupRestoration (26ms)
Refreshing native plugins compatible for Editor in 2.86 ms, found 0 plugins.
Preloading 0 native plugins for Editor in 0.00 ms.
Unloading 3352 Unused Serialized files (Serialized files now loaded: 0)
Unloading 25 unused Assets / (0.8 MB). Loaded Objects now: 4361.
Memory consumption went from 154.9 MB to 154.1 MB.
Total: 4.078500 ms (FindLiveObjects: 0.457900 ms CreateObjectMapping: 0.283900 ms MarkObjects: 2.919900 ms  DeleteObjects: 0.415700 ms)

Prepare: number of updated asset objects reloaded= 0
AssetImportParameters requested are different than current active one (requested -> active):
  custom:scripting/monoscript/fileName/ProcessorISX.cs: bf3a519bb3222208e2cc5d3a1133cc5e -> 
  custom:scripting/monoscript/fileName/ProcessorFloatISX.cs: b3a3a6aeac21a1262c99987346bdf46c -> 
  custom:scripting/monoscript/fileName/ControllerDiagramISX.cs: c13927c3b54f9a4370e9f6d54a80cb7a -> 
  custom:container-demuxer-ogg: 62fdf1f143b41e24485cea50d1cbac27 -> 
  custom:scripting/monoscript/fileName/ArrowHighlight.cs: 6b69fd9b902db43220af98f6198e4cb6 -> 
  custom:scripting/monoscript/fileName/ProcessorVector2ISX.cs: 2caa5811b3d1aefb86b582b775e63b2e -> 
  custom:scripting/monoscript/fileName/ControllerDiagramOldInput.cs: fed5fc5015059ab81b2824b8aa793045 -> 
  custom:scripting/monoscript/fileName/InteractionISX.cs: 5255cfb32d800f4693a6d13824bb7835 -> 
  custom:video-decoder-ogg-theora: a1e56fd34408186e4bbccfd4996cb3dc -> 
  custom:scripting/monoscript/fileName/EventsystemPicker.cs: 4f41f445263b59c43846853e24b3071c -> 
  custom:scripting/monoscript/fileName/PenISX.cs: 836db77c22c8edcc1f45803800aadb23 -> 
  custom:framework-win-MediaFoundation: 216162199b28c13a410421893ffa2e32 -> 
  custom:scripting/monoscript/fileName/SkyboxRotator.cs: c122ade9e2d3a916264f47a45be02789 -> 
  custom:scripting/monoscript/fileName/TouchISX.cs: d506537ad677961209c1cee157a00137 -> 
  custom:scripting/monoscript/fileName/ProcessorQuaternionISX.cs: 3d5a6c77db919aa46887442a43b1a7f3 -> 
  custom:scripting/monoscript/fileName/TouchDebugInfo.cs: 5f8009b57f5a4c6dbf9da1b364d9893e -> 
  custom:CustomObjectIndexerAttribute: 72b91833f83ae208fae7752999fa3104 -> 
  custom:scripting/monoscript/fileName/XboxISX.cs: 36918a0add4fb017177e821989d63bfd -> 
  custom:container-demuxer-webm: 4f35f7cbe854078d1ac9338744f61a02 -> 
  custom:scripting/monoscript/fileName/DualShockOldInput.cs: dfba7ddc7e222399b9fdc83393dadbc4 -> 
  custom:scripting/monoscript/fileName/InputUIPicker.cs: e47bb03e30fc66cd37715c22d1056642 -> 
  custom:scripting/monoscript/fileName/GamepadOldInput.cs: 3e090d647a536d297043fed3c41cf87a -> 
  custom:scripting/monoscript/fileName/FPSWalkerEnhanced.cs: 83ef146d82d16e0154acb6ccb6ea706a -> 
  custom:container-muxer-webm: aa71ff27fc2769a1b78a27578f13a17b -> 
  custom:video-decoder-webm-vp8: 9c59270c3fd7afecdb556c50c9e8de78 -> 
  custom:scripting/monoscript/fileName/TouchOldInput.cs: 83dcaecb295173cea8881946eb714ecf -> 
  custom:scripting/monoscript/fileName/InputDebugInfo.cs: ba4052f117a41ddadc1a1218953ff392 -> 
  custom:SearchIndexIgnoredProperties: e643bd26f0fe6173181afceb89e7c659 -> 
  custom:scripting/monoscript/fileName/SkyboxChanger.cs: 27a9374ce1608ea6a343361af3aa7d38 -> 
  custom:AudioImporter_EditorPlatform: d09bf68614088b80899f8185d706f6e7 -> 
  custom:scripting/monoscript/fileName/GamepadISX.cs: 117bd10bb6d7cba00c533bd21a4ac60d -> 
  custom:scripting/monoscript/fileName/TextHighlight.cs: 970cd5642e5662d314ea8ee02359e0d2 -> 
  custom:scripting/monoscript/fileName/KeyboardMouseISX.cs: 3257c72e877920a81aced3b5f72e65d1 -> 
  custom:video-encoder-webm-vp8: eb34c28f22e8b96e1ab97ce403110664 -> 
  custom:scripting/monoscript/fileName/ProcessorVector3ISX.cs: b4eea3c869c5c4af197e563948c77285 -> 
  custom:scripting/monoscript/fileName/SmoothMouseLook.cs: e12fd67feef9d119daa060f2b0fae928 -> 
  custom:audio-decoder-ogg-vorbis: bf7c407c2cedff20999df2af8eb42d56 -> 
  custom:scripting/monoscript/fileName/JoystickISX.cs: 0b0b31e855691ee5b65064271463d742 -> 
  custom:scripting/monoscript/fileName/DualShockISX.cs: 3f76a76778c5c5926b9d573ad0c31840 -> 
  custom:scripting/monoscript/fileName/KeyboardMouseOldInput.cs: 3fa66852c086cb5e476960d9da5f0d1a -> 
  custom:audio-encoder-webm-vorbis: bf7c407c2cedff20999df2af8eb42d56 -> 
  custom:scripting/monoscript/fileName/XboxOldInput.cs: 48a7af08755a496231529c7e7f39b305 -> 
  custom:scripting/precompiled-assembly-types:Assembly-CSharp: 0bf02217e5e746b251862dbb12af7394 -> 0a393af2aa9d0f0d2c8428e96586805b
  custom:scripting/precompiled-assembly-types:Unity.Recorder:  -> bd5378c99f6216e06dd6e2c2a60a86a4
  custom:scripting/precompiled-assembly-types:JetBrains.Rider.PathLocator:  -> cc0f6b5fd89737b9c88f7fff1881167a
  custom:scripting/precompiled-assembly-types:InputSystem.Samples.Visualizers:  -> 5d491fe0c3488dc3b041579e13f451f1
  custom:scripting/precompiled-assembly-types:Unity.Recorder.Base:  -> 3fec19fdf10e3518c41e41a932f2042f
  custom:scripting/precompiled-assembly-types:Unity.Recorder.Editor:  -> cd22b836ef1ca10e7d8c91c9be46b4bf
  custom:scripting/precompiled-assembly-types:Unity.Rider.Editor:  -> 332fda7feca3dc3cf0d3d930da452a26
